{"F:\\web\\turclub_next\\tour-club-eva\\src\\app\\api\\cron\\cancel-unpaid\\route.ts": {"path":"F:\\web\\turclub_next\\tour-club-eva\\src\\app\\api\\cron\\cancel-unpaid\\route.ts","statementMap":{"0":{"start":{"line":168,"column":13},"end":{"line":168,"column":19}},"1":{"start":{"line":169,"column":13},"end":{"line":169,"column":20}},"2":{"start":{"line":2,"column":29},"end":{"line":2,"column":null}},"3":{"start":{"line":3,"column":23},"end":{"line":3,"column":null}},"4":{"start":{"line":4,"column":22},"end":{"line":4,"column":null}},"5":{"start":{"line":5,"column":32},"end":{"line":5,"column":null}},"6":{"start":{"line":6,"column":31},"end":{"line":6,"column":null}},"7":{"start":{"line":7,"column":42},"end":{"line":7,"column":null}},"8":{"start":{"line":8,"column":41},"end":{"line":8,"column":null}},"9":{"start":{"line":9,"column":43},"end":{"line":9,"column":null}},"10":{"start":{"line":10,"column":32},"end":{"line":10,"column":null}},"11":{"start":{"line":12,"column":14},"end":{"line":12,"column":null}},"12":{"start":{"line":13,"column":23},"end":{"line":13,"column":null}},"13":{"start":{"line":14,"column":24},"end":{"line":14,"column":40}},"14":{"start":{"line":16,"column":23},"end":{"line":16,"column":null}},"15":{"start":{"line":17,"column":21},"end":{"line":17,"column":null}},"16":{"start":{"line":21,"column":2},"end":{"line":165,"column":null}},"17":{"start":{"line":22,"column":20},"end":{"line":22,"column":null}},"18":{"start":{"line":23,"column":4},"end":{"line":25,"column":null}},"19":{"start":{"line":24,"column":6},"end":{"line":24,"column":null}},"20":{"start":{"line":27,"column":24},"end":{"line":27,"column":null}},"21":{"start":{"line":29,"column":22},"end":{"line":45,"column":null}},"22":{"start":{"line":47,"column":25},"end":{"line":47,"column":null}},"23":{"start":{"line":48,"column":24},"end":{"line":48,"column":null}},"24":{"start":{"line":51,"column":49},"end":{"line":51,"column":51}},"25":{"start":{"line":53,"column":4},"end":{"line":135,"column":null}},"26":{"start":{"line":54,"column":6},"end":{"line":134,"column":null}},"27":{"start":{"line":55,"column":27},"end":{"line":55,"column":null}},"28":{"start":{"line":56,"column":24},"end":{"line":56,"column":null}},"29":{"start":{"line":59,"column":8},"end":{"line":131,"column":null}},"30":{"start":{"line":60,"column":10},"end":{"line":70,"column":null}},"31":{"start":{"line":61,"column":33},"end":{"line":61,"column":null}},"32":{"start":{"line":63,"column":12},"end":{"line":67,"column":null}},"33":{"start":{"line":64,"column":14},"end":{"line":64,"column":null}},"34":{"start":{"line":66,"column":14},"end":{"line":66,"column":null}},"35":{"start":{"line":69,"column":12},"end":{"line":69,"column":null}},"36":{"start":{"line":72,"column":10},"end":{"line":72,"column":null}},"37":{"start":{"line":76,"column":10},"end":{"line":81,"column":null}},"38":{"start":{"line":77,"column":12},"end":{"line":80,"column":null}},"39":{"start":{"line":83,"column":9},"end":{"line":96,"column":null}},"40":{"start":{"line":84,"column":12},"end":{"line":89,"column":null}},"41":{"start":{"line":91,"column":17},"end":{"line":96,"column":null}},"42":{"start":{"line":92,"column":24},"end":{"line":92,"column":248}},"43":{"start":{"line":93,"column":12},"end":{"line":94,"column":null}},"44":{"start":{"line":98,"column":10},"end":{"line":98,"column":null}},"45":{"start":{"line":102,"column":13},"end":{"line":131,"column":null}},"46":{"start":{"line":103,"column":27},"end":{"line":103,"column":56}},"47":{"start":{"line":104,"column":29},"end":{"line":104,"column":null}},"48":{"start":{"line":105,"column":10},"end":{"line":130,"column":null}},"49":{"start":{"line":106,"column":12},"end":{"line":126,"column":null}},"50":{"start":{"line":107,"column":15},"end":{"line":119,"column":null}},"51":{"start":{"line":121,"column":19},"end":{"line":126,"column":null}},"52":{"start":{"line":122,"column":27},"end":{"line":122,"column":287}},"53":{"start":{"line":123,"column":15},"end":{"line":124,"column":null}},"54":{"start":{"line":128,"column":12},"end":{"line":128,"column":null}},"55":{"start":{"line":129,"column":12},"end":{"line":129,"column":null}},"56":{"start":{"line":133,"column":8},"end":{"line":133,"column":null}},"57":{"start":{"line":136,"column":0},"end":{"line":151,"column":null}},"58":{"start":{"line":137,"column":22},"end":{"line":140,"column":null}},"59":{"start":{"line":138,"column":17},"end":{"line":138,"column":null}},"60":{"start":{"line":139,"column":14},"end":{"line":139,"column":61}},"61":{"start":{"line":142,"column":2},"end":{"line":147,"column":null}},"62":{"start":{"line":149,"column":2},"end":{"line":149,"column":null}},"63":{"start":{"line":150,"column":2},"end":{"line":150,"column":null}},"64":{"start":{"line":153,"column":4},"end":{"line":153,"column":null}},"65":{"start":{"line":155,"column":4},"end":{"line":160,"column":null}},"66":{"start":{"line":163,"column":4},"end":{"line":163,"column":null}},"67":{"start":{"line":164,"column":4},"end":{"line":164,"column":null}},"68":{"start":{"line":168,"column":19},"end":{"line":168,"column":null}},"69":{"start":{"line":169,"column":20},"end":{"line":169,"column":null}}},"fnMap":{"0":{"name":"handler","decl":{"start":{"line":20,"column":15},"end":{"line":20,"column":23}},"loc":{"start":{"line":20,"column":35},"end":{"line":166,"column":null}}},"1":{"name":"(anonymous_4)","decl":{"start":{"line":60,"column":36},"end":{"line":60,"column":43}},"loc":{"start":{"line":60,"column":43},"end":{"line":70,"column":null}}},"2":{"name":"(anonymous_5)","decl":{"start":{"line":76,"column":33},"end":{"line":76,"column":null}},"loc":{"start":{"line":76,"column":33},"end":{"line":81,"column":null}}},"3":{"name":"(anonymous_6)","decl":{"start":{"line":138,"column":12},"end":{"line":138,"column":17}},"loc":{"start":{"line":138,"column":17},"end":{"line":138,"column":null}}},"4":{"name":"(anonymous_7)","decl":{"start":{"line":139,"column":9},"end":{"line":139,"column":14}},"loc":{"start":{"line":139,"column":14},"end":{"line":139,"column":61}}},"5":{"name":"(anonymous_8)","decl":{"start":{"line":147,"column":10},"end":{"line":147,"column":17}},"loc":{"start":{"line":147,"column":10},"end":{"line":147,"column":null}}}},"branchMap":{"0":{"loc":{"start":{"line":23,"column":4},"end":{"line":25,"column":null}},"type":"if","locations":[{"start":{"line":23,"column":4},"end":{"line":25,"column":null}}]},"1":{"loc":{"start":{"line":23,"column":8},"end":{"line":23,"column":59}},"type":"binary-expr","locations":[{"start":{"line":23,"column":8},"end":{"line":23,"column":19}},{"start":{"line":23,"column":19},"end":{"line":23,"column":59}}]},"2":{"loc":{"start":{"line":56,"column":24},"end":{"line":56,"column":null}},"type":"binary-expr","locations":[{"start":{"line":56,"column":24},"end":{"line":56,"column":39}},{"start":{"line":56,"column":43},"end":{"line":56,"column":null}}]},"3":{"loc":{"start":{"line":59,"column":8},"end":{"line":131,"column":null}},"type":"if","locations":[{"start":{"line":59,"column":8},"end":{"line":131,"column":null}},{"start":{"line":102,"column":13},"end":{"line":131,"column":null}}]},"4":{"loc":{"start":{"line":61,"column":34},"end":{"line":61,"column":64}},"type":"binary-expr","locations":[{"start":{"line":61,"column":34},"end":{"line":61,"column":54}},{"start":{"line":61,"column":58},"end":{"line":61,"column":64}}]},"5":{"loc":{"start":{"line":61,"column":64},"end":{"line":61,"column":94}},"type":"binary-expr","locations":[{"start":{"line":61,"column":64},"end":{"line":61,"column":84}},{"start":{"line":61,"column":88},"end":{"line":61,"column":94}}]},"6":{"loc":{"start":{"line":61,"column":94},"end":{"line":61,"column":125}},"type":"binary-expr","locations":[{"start":{"line":61,"column":94},"end":{"line":61,"column":115}},{"start":{"line":61,"column":119},"end":{"line":61,"column":125}}]},"7":{"loc":{"start":{"line":61,"column":126},"end":{"line":61,"column":156}},"type":"binary-expr","locations":[{"start":{"line":61,"column":126},"end":{"line":61,"column":147}},{"start":{"line":61,"column":151},"end":{"line":61,"column":156}}]},"8":{"loc":{"start":{"line":63,"column":12},"end":{"line":67,"column":null}},"type":"if","locations":[{"start":{"line":63,"column":12},"end":{"line":67,"column":null}},{"start":{"line":65,"column":19},"end":{"line":67,"column":null}}]},"9":{"loc":{"start":{"line":83,"column":9},"end":{"line":96,"column":null}},"type":"if","locations":[{"start":{"line":83,"column":9},"end":{"line":96,"column":null}},{"start":{"line":91,"column":17},"end":{"line":96,"column":null}}]},"10":{"loc":{"start":{"line":91,"column":17},"end":{"line":96,"column":null}},"type":"if","locations":[{"start":{"line":91,"column":17},"end":{"line":96,"column":null}}]},"11":{"loc":{"start":{"line":102,"column":13},"end":{"line":131,"column":null}},"type":"if","locations":[{"start":{"line":102,"column":13},"end":{"line":131,"column":null}}]},"12":{"loc":{"start":{"line":105,"column":10},"end":{"line":130,"column":null}},"type":"if","locations":[{"start":{"line":105,"column":10},"end":{"line":130,"column":null}}]},"13":{"loc":{"start":{"line":106,"column":12},"end":{"line":126,"column":null}},"type":"if","locations":[{"start":{"line":106,"column":12},"end":{"line":126,"column":null}},{"start":{"line":121,"column":19},"end":{"line":126,"column":null}}]},"14":{"loc":{"start":{"line":121,"column":19},"end":{"line":126,"column":null}},"type":"if","locations":[{"start":{"line":121,"column":19},"end":{"line":126,"column":null}}]},"15":{"loc":{"start":{"line":136,"column":0},"end":{"line":151,"column":null}},"type":"if","locations":[{"start":{"line":136,"column":0},"end":{"line":151,"column":null}}]}},"s":{"0":0,"1":1,"2":1,"3":1,"4":1,"5":1,"6":1,"7":1,"8":1,"9":1,"10":1,"11":1,"12":1,"13":1,"14":1,"15":1,"16":1,"17":1,"18":1,"19":0,"20":1,"21":1,"22":1,"23":1,"24":1,"25":1,"26":0,"27":0,"28":0,"29":0,"30":0,"31":0,"32":0,"33":0,"34":0,"35":0,"36":0,"37":0,"38":0,"39":0,"40":0,"41":0,"42":0,"43":0,"44":0,"45":0,"46":0,"47":0,"48":0,"49":0,"50":0,"51":0,"52":0,"53":0,"54":0,"55":0,"56":0,"57":1,"58":0,"59":0,"60":0,"61":0,"62":0,"63":0,"64":1,"65":1,"66":0,"67":0,"68":1,"69":1},"f":{"0":1,"1":0,"2":0,"3":0,"4":0,"5":0},"b":{"0":[0],"1":[1,0],"2":[0,0],"3":[0,0],"4":[0,0],"5":[0,0],"6":[0,0],"7":[0,0],"8":[0,0],"9":[0,0],"10":[0],"11":[0],"12":[0],"13":[0,0],"14":[0],"15":[0]}}
,"F:\\web\\turclub_next\\tour-club-eva\\src\\app\\api\\cron\\payment-report\\route.ts": {"path":"F:\\web\\turclub_next\\tour-club-eva\\src\\app\\api\\cron\\payment-report\\route.ts","statementMap":{"0":{"start":{"line":6,"column":22},"end":{"line":6,"column":26}},"1":{"start":{"line":2,"column":29},"end":{"line":2,"column":null}},"2":{"start":{"line":3,"column":23},"end":{"line":3,"column":null}},"3":{"start":{"line":4,"column":36},"end":{"line":4,"column":null}},"4":{"start":{"line":7,"column":21},"end":{"line":7,"column":null}},"5":{"start":{"line":8,"column":2},"end":{"line":10,"column":null}},"6":{"start":{"line":9,"column":4},"end":{"line":9,"column":null}},"7":{"start":{"line":12,"column":2},"end":{"line":54,"column":null}},"8":{"start":{"line":14,"column":28},"end":{"line":23,"column":null}},"9":{"start":{"line":25,"column":4},"end":{"line":27,"column":null}},"10":{"start":{"line":26,"column":6},"end":{"line":26,"column":null}},"11":{"start":{"line":29,"column":18},"end":{"line":29,"column":64}},"12":{"start":{"line":30,"column":4},"end":{"line":30,"column":null}},"13":{"start":{"line":32,"column":4},"end":{"line":43,"column":null}},"14":{"start":{"line":33,"column":23},"end":{"line":35,"column":null}},"15":{"start":{"line":37,"column":6},"end":{"line":37,"column":null}},"16":{"start":{"line":38,"column":6},"end":{"line":38,"column":null}},"17":{"start":{"line":39,"column":6},"end":{"line":39,"column":null}},"18":{"start":{"line":40,"column":6},"end":{"line":40,"column":null}},"19":{"start":{"line":41,"column":6},"end":{"line":41,"column":null}},"20":{"start":{"line":42,"column":6},"end":{"line":42,"column":null}},"21":{"start":{"line":45,"column":24},"end":{"line":45,"column":58}},"22":{"start":{"line":46,"column":4},"end":{"line":46,"column":null}},"23":{"start":{"line":46,"column":22},"end":{"line":46,"column":null}},"24":{"start":{"line":48,"column":4},"end":{"line":48,"column":null}},"25":{"start":{"line":50,"column":4},"end":{"line":50,"column":null}},"26":{"start":{"line":52,"column":4},"end":{"line":52,"column":null}},"27":{"start":{"line":53,"column":4},"end":{"line":53,"column":null}}},"fnMap":{"0":{"name":"GET","decl":{"start":{"line":6,"column":22},"end":{"line":6,"column":26}},"loc":{"start":{"line":6,"column":42},"end":{"line":55,"column":null}}},"1":{"name":"(anonymous_2)","decl":{"start":{"line":32,"column":28},"end":{"line":32,"column":29}},"loc":{"start":{"line":32,"column":32},"end":{"line":43,"column":null}}}},"branchMap":{"0":{"loc":{"start":{"line":8,"column":2},"end":{"line":10,"column":null}},"type":"if","locations":[{"start":{"line":8,"column":2},"end":{"line":10,"column":null}}]},"1":{"loc":{"start":{"line":25,"column":4},"end":{"line":27,"column":null}},"type":"if","locations":[{"start":{"line":25,"column":4},"end":{"line":27,"column":null}}]},"2":{"loc":{"start":{"line":33,"column":23},"end":{"line":35,"column":null}},"type":"cond-expr","locations":[{"start":{"line":34,"column":10},"end":{"line":34,"column":null}},{"start":{"line":35,"column":10},"end":{"line":35,"column":null}}]},"3":{"loc":{"start":{"line":41,"column":52},"end":{"line":41,"column":77}},"type":"binary-expr","locations":[{"start":{"line":41,"column":52},"end":{"line":41,"column":67}},{"start":{"line":41,"column":71},"end":{"line":41,"column":77}}]},"4":{"loc":{"start":{"line":46,"column":4},"end":{"line":46,"column":null}},"type":"if","locations":[{"start":{"line":46,"column":4},"end":{"line":46,"column":null}}]}},"s":{"0":1,"1":1,"2":1,"3":1,"4":2,"5":2,"6":1,"7":1,"8":1,"9":1,"10":1,"11":0,"12":0,"13":0,"14":0,"15":0,"16":0,"17":0,"18":0,"19":0,"20":0,"21":0,"22":0,"23":0,"24":0,"25":0,"26":0,"27":0},"f":{"0":2,"1":0},"b":{"0":[1],"1":[1],"2":[0,0],"3":[0,0],"4":[0]}}
,"F:\\web\\turclub_next\\tour-club-eva\\src\\app\\api\\cron\\post-tour-reviews\\route.ts": {"path":"F:\\web\\turclub_next\\tour-club-eva\\src\\app\\api\\cron\\post-tour-reviews\\route.ts","statementMap":{"0":{"start":{"line":72,"column":22},"end":{"line":72,"column":26}},"1":{"start":{"line":1,"column":29},"end":{"line":1,"column":null}},"2":{"start":{"line":2,"column":23},"end":{"line":2,"column":null}},"3":{"start":{"line":3,"column":20},"end":{"line":3,"column":null}},"4":{"start":{"line":4,"column":32},"end":{"line":4,"column":null}},"5":{"start":{"line":5,"column":62},"end":{"line":5,"column":null}},"6":{"start":{"line":12,"column":18},"end":{"line":12,"column":39}},"7":{"start":{"line":13,"column":17},"end":{"line":13,"column":212}},"8":{"start":{"line":15,"column":4},"end":{"line":28,"column":null}},"9":{"start":{"line":36,"column":14},"end":{"line":36,"column":null}},"10":{"start":{"line":37,"column":25},"end":{"line":48,"column":null}},"11":{"start":{"line":51,"column":16},"end":{"line":54,"column":null}},"12":{"start":{"line":56,"column":2},"end":{"line":56,"column":null}},"13":{"start":{"line":56,"column":15},"end":{"line":56,"column":null}},"14":{"start":{"line":59,"column":2},"end":{"line":69,"column":null}},"15":{"start":{"line":60,"column":21},"end":{"line":60,"column":null}},"16":{"start":{"line":61,"column":4},"end":{"line":67,"column":null}},"17":{"start":{"line":68,"column":4},"end":{"line":68,"column":null}},"18":{"start":{"line":73,"column":2},"end":{"line":176,"column":null}},"19":{"start":{"line":75,"column":23},"end":{"line":75,"column":null}},"20":{"start":{"line":76,"column":4},"end":{"line":78,"column":null}},"21":{"start":{"line":77,"column":6},"end":{"line":77,"column":null}},"22":{"start":{"line":81,"column":27},"end":{"line":81,"column":null}},"23":{"start":{"line":82,"column":4},"end":{"line":82,"column":null}},"24":{"start":{"line":83,"column":4},"end":{"line":83,"column":null}},"25":{"start":{"line":85,"column":23},"end":{"line":85,"column":null}},"26":{"start":{"line":86,"column":4},"end":{"line":86,"column":null}},"27":{"start":{"line":92,"column":21},"end":{"line":103,"column":null}},"28":{"start":{"line":105,"column":20},"end":{"line":105,"column":null}},"29":{"start":{"line":107,"column":4},"end":{"line":171,"column":null}},"30":{"start":{"line":109,"column":6},"end":{"line":109,"column":null}},"31":{"start":{"line":109,"column":55},"end":{"line":109,"column":null}},"32":{"start":{"line":112,"column":6},"end":{"line":114,"column":null}},"33":{"start":{"line":113,"column":8},"end":{"line":113,"column":null}},"34":{"start":{"line":117,"column":27},"end":{"line":117,"column":null}},"35":{"start":{"line":118,"column":6},"end":{"line":126,"column":null}},"36":{"start":{"line":119,"column":8},"end":{"line":121,"column":null}},"37":{"start":{"line":122,"column":13},"end":{"line":126,"column":null}},"38":{"start":{"line":123,"column":8},"end":{"line":125,"column":null}},"39":{"start":{"line":128,"column":6},"end":{"line":166,"column":null}},"40":{"start":{"line":129,"column":6},"end":{"line":165,"column":null}},"41":{"start":{"line":130,"column":10},"end":{"line":160,"column":null}},"42":{"start":{"line":132,"column":31},"end":{"line":132,"column":null}},"43":{"start":{"line":133,"column":37},"end":{"line":133,"column":null}},"44":{"start":{"line":136,"column":36},"end":{"line":136,"column":null}},"45":{"start":{"line":136,"column":65},"end":{"line":136,"column":null}},"46":{"start":{"line":137,"column":30},"end":{"line":137,"column":64}},"47":{"start":{"line":138,"column":32},"end":{"line":138,"column":null}},"48":{"start":{"line":140,"column":12},"end":{"line":151,"column":null}},"49":{"start":{"line":152,"column":17},"end":{"line":160,"column":null}},"50":{"start":{"line":154,"column":12},"end":{"line":158,"column":null}},"51":{"start":{"line":162,"column":10},"end":{"line":162,"column":null}},"52":{"start":{"line":164,"column":10},"end":{"line":164,"column":null}},"53":{"start":{"line":167,"column":2},"end":{"line":170,"column":null}},"54":{"start":{"line":174,"column":4},"end":{"line":174,"column":null}},"55":{"start":{"line":175,"column":4},"end":{"line":175,"column":null}}},"fnMap":{"0":{"name":"sendGuestReviewRequest","decl":{"start":{"line":11,"column":15},"end":{"line":11,"column":38}},"loc":{"start":{"line":11,"column":104},"end":{"line":29,"column":null}}},"1":{"name":"updateMemberStats","decl":{"start":{"line":34,"column":15},"end":{"line":34,"column":33}},"loc":{"start":{"line":34,"column":49},"end":{"line":70,"column":null}}},"2":{"name":"GET","decl":{"start":{"line":72,"column":22},"end":{"line":72,"column":26}},"loc":{"start":{"line":72,"column":38},"end":{"line":177,"column":null}}},"3":{"name":"(anonymous_4)","decl":{"start":{"line":136,"column":60},"end":{"line":136,"column":65}},"loc":{"start":{"line":136,"column":65},"end":{"line":136,"column":null}}}},"branchMap":{"0":{"loc":{"start":{"line":56,"column":2},"end":{"line":56,"column":null}},"type":"if","locations":[{"start":{"line":56,"column":2},"end":{"line":56,"column":null}}]},"1":{"loc":{"start":{"line":59,"column":2},"end":{"line":69,"column":null}},"type":"if","locations":[{"start":{"line":59,"column":2},"end":{"line":69,"column":null}}]},"2":{"loc":{"start":{"line":76,"column":4},"end":{"line":78,"column":null}},"type":"if","locations":[{"start":{"line":76,"column":4},"end":{"line":78,"column":null}}]},"3":{"loc":{"start":{"line":76,"column":8},"end":{"line":76,"column":69}},"type":"binary-expr","locations":[{"start":{"line":76,"column":8},"end":{"line":76,"column":23}},{"start":{"line":76,"column":27},"end":{"line":76,"column":69}}]},"4":{"loc":{"start":{"line":109,"column":6},"end":{"line":109,"column":null}},"type":"if","locations":[{"start":{"line":109,"column":6},"end":{"line":109,"column":null}}]},"5":{"loc":{"start":{"line":109,"column":10},"end":{"line":109,"column":53}},"type":"binary-expr","locations":[{"start":{"line":109,"column":10},"end":{"line":109,"column":27}},{"start":{"line":109,"column":31},"end":{"line":109,"column":53}}]},"6":{"loc":{"start":{"line":112,"column":6},"end":{"line":114,"column":null}},"type":"if","locations":[{"start":{"line":112,"column":6},"end":{"line":114,"column":null}}]},"7":{"loc":{"start":{"line":118,"column":6},"end":{"line":126,"column":null}},"type":"if","locations":[{"start":{"line":118,"column":6},"end":{"line":126,"column":null}},{"start":{"line":122,"column":13},"end":{"line":126,"column":null}}]},"8":{"loc":{"start":{"line":122,"column":13},"end":{"line":126,"column":null}},"type":"if","locations":[{"start":{"line":122,"column":13},"end":{"line":126,"column":null}}]},"9":{"loc":{"start":{"line":128,"column":6},"end":{"line":166,"column":null}},"type":"if","locations":[{"start":{"line":128,"column":6},"end":{"line":166,"column":null}}]},"10":{"loc":{"start":{"line":130,"column":10},"end":{"line":160,"column":null}},"type":"if","locations":[{"start":{"line":130,"column":10},"end":{"line":160,"column":null}},{"start":{"line":152,"column":17},"end":{"line":160,"column":null}}]},"11":{"loc":{"start":{"line":132,"column":31},"end":{"line":132,"column":null}},"type":"binary-expr","locations":[{"start":{"line":132,"column":31},"end":{"line":132,"column":61}},{"start":{"line":132,"column":61},"end":{"line":132,"column":null}}]},"12":{"loc":{"start":{"line":133,"column":37},"end":{"line":133,"column":null}},"type":"binary-expr","locations":[{"start":{"line":133,"column":37},"end":{"line":133,"column":62}},{"start":{"line":133,"column":62},"end":{"line":133,"column":null}}]},"13":{"loc":{"start":{"line":138,"column":32},"end":{"line":138,"column":null}},"type":"cond-expr","locations":[{"start":{"line":138,"column":44},"end":{"line":138,"column":73}},{"start":{"line":138,"column":73},"end":{"line":138,"column":null}}]},"14":{"loc":{"start":{"line":148,"column":31},"end":{"line":148,"column":null}},"type":"binary-expr","locations":[{"start":{"line":148,"column":31},"end":{"line":148,"column":50}},{"start":{"line":148,"column":50},"end":{"line":148,"column":null}}]},"15":{"loc":{"start":{"line":149,"column":29},"end":{"line":149,"column":null}},"type":"cond-expr","locations":[{"start":{"line":149,"column":62},"end":{"line":149,"column":76}},{"start":{"line":149,"column":76},"end":{"line":149,"column":null}}]},"16":{"loc":{"start":{"line":149,"column":29},"end":{"line":149,"column":62}},"type":"binary-expr","locations":[{"start":{"line":149,"column":29},"end":{"line":149,"column":44}},{"start":{"line":149,"column":44},"end":{"line":149,"column":62}}]},"17":{"loc":{"start":{"line":152,"column":17},"end":{"line":160,"column":null}},"type":"if","locations":[{"start":{"line":152,"column":17},"end":{"line":160,"column":null}}]}},"s":{"0":1,"1":1,"2":1,"3":1,"4":1,"5":1,"6":0,"7":0,"8":0,"9":0,"10":0,"11":0,"12":0,"13":0,"14":0,"15":0,"16":0,"17":0,"18":2,"19":2,"20":2,"21":1,"22":1,"23":1,"24":1,"25":1,"26":1,"27":1,"28":1,"29":1,"30":0,"31":0,"32":0,"33":0,"34":0,"35":0,"36":0,"37":0,"38":0,"39":0,"40":0,"41":0,"42":0,"43":0,"44":0,"45":0,"46":0,"47":0,"48":0,"49":0,"50":0,"51":0,"52":0,"53":0,"54":0,"55":0},"f":{"0":0,"1":0,"2":2,"3":0},"b":{"0":[0],"1":[0],"2":[1],"3":[2,2],"4":[0],"5":[0,0],"6":[0],"7":[0,0],"8":[0],"9":[0],"10":[0,0],"11":[0,0],"12":[0,0],"13":[0,0],"14":[0,0],"15":[0,0],"16":[0,0],"17":[0]}}
,"F:\\web\\turclub_next\\tour-club-eva\\src\\app\\api\\cron\\reminders\\route.ts": {"path":"F:\\web\\turclub_next\\tour-club-eva\\src\\app\\api\\cron\\reminders\\route.ts","statementMap":{"0":{"start":{"line":10,"column":22},"end":{"line":10,"column":26}},"1":{"start":{"line":2,"column":29},"end":{"line":2,"column":null}},"2":{"start":{"line":3,"column":23},"end":{"line":3,"column":null}},"3":{"start":{"line":4,"column":20},"end":{"line":4,"column":null}},"4":{"start":{"line":5,"column":32},"end":{"line":5,"column":null}},"5":{"start":{"line":6,"column":22},"end":{"line":6,"column":null}},"6":{"start":{"line":8,"column":14},"end":{"line":8,"column":31}},"7":{"start":{"line":11,"column":2},"end":{"line":106,"column":null}},"8":{"start":{"line":13,"column":23},"end":{"line":13,"column":null}},"9":{"start":{"line":14,"column":4},"end":{"line":16,"column":null}},"10":{"start":{"line":15,"column":6},"end":{"line":15,"column":null}},"11":{"start":{"line":18,"column":16},"end":{"line":18,"column":null}},"12":{"start":{"line":19,"column":4},"end":{"line":19,"column":null}},"13":{"start":{"line":22,"column":24},"end":{"line":28,"column":null}},"14":{"start":{"line":23,"column":20},"end":{"line":23,"column":null}},"15":{"start":{"line":24,"column":6},"end":{"line":24,"column":null}},"16":{"start":{"line":25,"column":18},"end":{"line":25,"column":null}},"17":{"start":{"line":26,"column":6},"end":{"line":26,"column":null}},"18":{"start":{"line":27,"column":6},"end":{"line":27,"column":null}},"19":{"start":{"line":30,"column":26},"end":{"line":30,"column":null}},"20":{"start":{"line":31,"column":25},"end":{"line":31,"column":null}},"21":{"start":{"line":34,"column":21},"end":{"line":44,"column":null}},"22":{"start":{"line":46,"column":20},"end":{"line":46,"column":null}},"23":{"start":{"line":49,"column":49},"end":{"line":49,"column":51}},"24":{"start":{"line":51,"column":4},"end":{"line":90,"column":null}},"25":{"start":{"line":53,"column":6},"end":{"line":53,"column":null}},"26":{"start":{"line":53,"column":50},"end":{"line":53,"column":null}},"27":{"start":{"line":55,"column":25},"end":{"line":55,"column":70}},"28":{"start":{"line":56,"column":22},"end":{"line":56,"column":null}},"29":{"start":{"line":59,"column":23},"end":{"line":59,"column":63}},"30":{"start":{"line":61,"column":21},"end":{"line":61,"column":null}},"31":{"start":{"line":64,"column":6},"end":{"line":64,"column":null}},"32":{"start":{"line":64,"column":19},"end":{"line":64,"column":null}},"33":{"start":{"line":66,"column":6},"end":{"line":88,"column":null}},"34":{"start":{"line":82,"column":22},"end":{"line":82,"column":35}},"35":{"start":{"line":84,"column":10},"end":{"line":84,"column":null}},"36":{"start":{"line":87,"column":10},"end":{"line":87,"column":null}},"37":{"start":{"line":93,"column":4},"end":{"line":95,"column":null}},"38":{"start":{"line":94,"column":6},"end":{"line":94,"column":null}},"39":{"start":{"line":97,"column":4},"end":{"line":101,"column":null}},"40":{"start":{"line":104,"column":4},"end":{"line":104,"column":null}},"41":{"start":{"line":105,"column":4},"end":{"line":105,"column":null}}},"fnMap":{"0":{"name":"GET","decl":{"start":{"line":10,"column":22},"end":{"line":10,"column":26}},"loc":{"start":{"line":10,"column":38},"end":{"line":107,"column":null}}},"1":{"name":"(anonymous_2)","decl":{"start":{"line":22,"column":24},"end":{"line":22,"column":25}},"loc":{"start":{"line":22,"column":25},"end":{"line":28,"column":null}}},"2":{"name":"(anonymous_3)","decl":{"start":{"line":82,"column":14},"end":{"line":82,"column":22}},"loc":{"start":{"line":82,"column":14},"end":{"line":82,"column":null}}},"3":{"name":"(anonymous_4)","decl":{"start":{"line":83,"column":15},"end":{"line":83,"column":22}},"loc":{"start":{"line":83,"column":22},"end":{"line":88,"column":null}}}},"branchMap":{"0":{"loc":{"start":{"line":14,"column":4},"end":{"line":16,"column":null}},"type":"if","locations":[{"start":{"line":14,"column":4},"end":{"line":16,"column":null}}]},"1":{"loc":{"start":{"line":14,"column":8},"end":{"line":14,"column":69}},"type":"binary-expr","locations":[{"start":{"line":14,"column":8},"end":{"line":14,"column":23}},{"start":{"line":14,"column":27},"end":{"line":14,"column":69}}]},"2":{"loc":{"start":{"line":53,"column":6},"end":{"line":53,"column":null}},"type":"if","locations":[{"start":{"line":53,"column":6},"end":{"line":53,"column":null}}]},"3":{"loc":{"start":{"line":53,"column":10},"end":{"line":53,"column":48}},"type":"binary-expr","locations":[{"start":{"line":53,"column":10},"end":{"line":53,"column":27}},{"start":{"line":53,"column":31},"end":{"line":53,"column":48}}]},"4":{"loc":{"start":{"line":56,"column":22},"end":{"line":56,"column":null}},"type":"cond-expr","locations":[{"start":{"line":56,"column":35},"end":{"line":56,"column":62}},{"start":{"line":56,"column":62},"end":{"line":56,"column":null}}]},"5":{"loc":{"start":{"line":64,"column":6},"end":{"line":64,"column":null}},"type":"if","locations":[{"start":{"line":64,"column":6},"end":{"line":64,"column":null}}]},"6":{"loc":{"start":{"line":73,"column":26},"end":{"line":73,"column":84}},"type":"binary-expr","locations":[{"start":{"line":73,"column":26},"end":{"line":73,"column":55}},{"start":{"line":73,"column":59},"end":{"line":73,"column":84}}]},"7":{"loc":{"start":{"line":93,"column":4},"end":{"line":95,"column":null}},"type":"if","locations":[{"start":{"line":93,"column":4},"end":{"line":95,"column":null}}]}},"s":{"0":1,"1":1,"2":1,"3":1,"4":1,"5":1,"6":1,"7":0,"8":0,"9":0,"10":0,"11":0,"12":0,"13":0,"14":0,"15":0,"16":0,"17":0,"18":0,"19":0,"20":0,"21":0,"22":0,"23":0,"24":0,"25":0,"26":0,"27":0,"28":0,"29":0,"30":0,"31":0,"32":0,"33":0,"34":0,"35":0,"36":0,"37":0,"38":0,"39":0,"40":0,"41":0},"f":{"0":0,"1":0,"2":0,"3":0},"b":{"0":[0],"1":[0,0],"2":[0],"3":[0,0],"4":[0,0],"5":[0],"6":[0,0],"7":[0]}}
,"F:\\web\\turclub_next\\tour-club-eva\\src\\app\\api\\cron\\rollover\\route.ts": {"path":"F:\\web\\turclub_next\\tour-club-eva\\src\\app\\api\\cron\\rollover\\route.ts","statementMap":{"0":{"start":{"line":117,"column":13},"end":{"line":117,"column":19}},"1":{"start":{"line":118,"column":13},"end":{"line":118,"column":20}},"2":{"start":{"line":2,"column":29},"end":{"line":2,"column":null}},"3":{"start":{"line":3,"column":23},"end":{"line":3,"column":null}},"4":{"start":{"line":4,"column":31},"end":{"line":4,"column":null}},"5":{"start":{"line":5,"column":22},"end":{"line":5,"column":null}},"6":{"start":{"line":6,"column":41},"end":{"line":6,"column":null}},"7":{"start":{"line":7,"column":36},"end":{"line":7,"column":null}},"8":{"start":{"line":9,"column":14},"end":{"line":9,"column":null}},"9":{"start":{"line":10,"column":23},"end":{"line":10,"column":null}},"10":{"start":{"line":11,"column":24},"end":{"line":11,"column":40}},"11":{"start":{"line":15,"column":2},"end":{"line":113,"column":null}},"12":{"start":{"line":19,"column":20},"end":{"line":19,"column":null}},"13":{"start":{"line":20,"column":4},"end":{"line":26,"column":null}},"14":{"start":{"line":21,"column":6},"end":{"line":25,"column":null}},"15":{"start":{"line":28,"column":16},"end":{"line":28,"column":null}},"16":{"start":{"line":33,"column":34},"end":{"line":43,"column":null}},"17":{"start":{"line":45,"column":27},"end":{"line":45,"column":null}},"18":{"start":{"line":47,"column":4},"end":{"line":68,"column":null}},"19":{"start":{"line":48,"column":6},"end":{"line":51,"column":null}},"20":{"start":{"line":49,"column":58},"end":{"line":49,"column":62}},"21":{"start":{"line":52,"column":6},"end":{"line":52,"column":null}},"22":{"start":{"line":55,"column":6},"end":{"line":57,"column":null}},"23":{"start":{"line":56,"column":8},"end":{"line":56,"column":null}},"24":{"start":{"line":60,"column":26},"end":{"line":60,"column":60}},"25":{"start":{"line":61,"column":6},"end":{"line":67,"column":null}},"26":{"start":{"line":62,"column":26},"end":{"line":62,"column":null}},"27":{"start":{"line":62,"column":57},"end":{"line":62,"column":63}},"28":{"start":{"line":63,"column":8},"end":{"line":65,"column":null}},"29":{"start":{"line":74,"column":38},"end":{"line":84,"column":null}},"30":{"start":{"line":80,"column":51},"end":{"line":80,"column":55}},"31":{"start":{"line":87,"column":34},"end":{"line":87,"column":null}},"32":{"start":{"line":88,"column":4},"end":{"line":91,"column":null}},"33":{"start":{"line":89,"column":6},"end":{"line":89,"column":null}},"34":{"start":{"line":90,"column":6},"end":{"line":90,"column":null}},"35":{"start":{"line":97,"column":4},"end":{"line":97,"column":null}},"36":{"start":{"line":98,"column":4},"end":{"line":98,"column":null}},"37":{"start":{"line":101,"column":4},"end":{"line":101,"column":66}},"38":{"start":{"line":103,"column":4},"end":{"line":108,"column":null}},"39":{"start":{"line":107,"column":44},"end":{"line":107,"column":50}},"40":{"start":{"line":111,"column":4},"end":{"line":111,"column":null}},"41":{"start":{"line":112,"column":4},"end":{"line":112,"column":null}},"42":{"start":{"line":117,"column":19},"end":{"line":117,"column":null}},"43":{"start":{"line":118,"column":20},"end":{"line":118,"column":null}}},"fnMap":{"0":{"name":"handler","decl":{"start":{"line":14,"column":15},"end":{"line":14,"column":23}},"loc":{"start":{"line":14,"column":35},"end":{"line":114,"column":null}}},"1":{"name":"(anonymous_4)","decl":{"start":{"line":49,"column":53},"end":{"line":49,"column":58}},"loc":{"start":{"line":49,"column":58},"end":{"line":49,"column":62}}},"2":{"name":"(anonymous_5)","decl":{"start":{"line":62,"column":52},"end":{"line":62,"column":57}},"loc":{"start":{"line":62,"column":57},"end":{"line":62,"column":63}}},"3":{"name":"(anonymous_6)","decl":{"start":{"line":80,"column":46},"end":{"line":80,"column":51}},"loc":{"start":{"line":80,"column":51},"end":{"line":80,"column":55}}},"4":{"name":"(anonymous_7)","decl":{"start":{"line":107,"column":39},"end":{"line":107,"column":44}},"loc":{"start":{"line":107,"column":44},"end":{"line":107,"column":50}}}},"branchMap":{"0":{"loc":{"start":{"line":20,"column":4},"end":{"line":26,"column":null}},"type":"if","locations":[{"start":{"line":20,"column":4},"end":{"line":26,"column":null}}]},"1":{"loc":{"start":{"line":20,"column":8},"end":{"line":20,"column":59}},"type":"binary-expr","locations":[{"start":{"line":20,"column":8},"end":{"line":20,"column":19}},{"start":{"line":20,"column":19},"end":{"line":20,"column":59}}]},"2":{"loc":{"start":{"line":47,"column":4},"end":{"line":68,"column":null}},"type":"if","locations":[{"start":{"line":47,"column":4},"end":{"line":68,"column":null}}]},"3":{"loc":{"start":{"line":61,"column":6},"end":{"line":67,"column":null}},"type":"if","locations":[{"start":{"line":61,"column":6},"end":{"line":67,"column":null}}]}},"s":{"0":1,"1":0,"2":1,"3":1,"4":1,"5":1,"6":1,"7":1,"8":1,"9":1,"10":1,"11":1,"12":1,"13":1,"14":0,"15":1,"16":1,"17":1,"18":1,"19":1,"20":1,"21":1,"22":1,"23":1,"24":1,"25":1,"26":1,"27":1,"28":1,"29":1,"30":1,"31":1,"32":1,"33":0,"34":0,"35":1,"36":1,"37":1,"38":1,"39":1,"40":0,"41":0,"42":1,"43":1},"f":{"0":1,"1":1,"2":1,"3":1,"4":1},"b":{"0":[0],"1":[1,0],"2":[1],"3":[1]}}
,"F:\\web\\turclub_next\\tour-club-eva\\src\\app\\api\\cron\\sales-bot\\route.ts": {"path":"F:\\web\\turclub_next\\tour-club-eva\\src\\app\\api\\cron\\sales-bot\\route.ts","statementMap":{"0":{"start":{"line":10,"column":22},"end":{"line":10,"column":26}},"1":{"start":{"line":1,"column":29},"end":{"line":1,"column":null}},"2":{"start":{"line":2,"column":23},"end":{"line":2,"column":null}},"3":{"start":{"line":3,"column":20},"end":{"line":3,"column":null}},"4":{"start":{"line":4,"column":22},"end":{"line":4,"column":null}},"5":{"start":{"line":5,"column":32},"end":{"line":5,"column":null}},"6":{"start":{"line":6,"column":32},"end":{"line":6,"column":null}},"7":{"start":{"line":8,"column":14},"end":{"line":8,"column":null}},"8":{"start":{"line":11,"column":2},"end":{"line":188,"column":null}},"9":{"start":{"line":13,"column":23},"end":{"line":13,"column":null}},"10":{"start":{"line":14,"column":4},"end":{"line":16,"column":null}},"11":{"start":{"line":15,"column":6},"end":{"line":15,"column":null}},"12":{"start":{"line":18,"column":18},"end":{"line":18,"column":null}},"13":{"start":{"line":19,"column":4},"end":{"line":19,"column":null}},"14":{"start":{"line":21,"column":49},"end":{"line":21,"column":51}},"15":{"start":{"line":22,"column":23},"end":{"line":22,"column":null}},"16":{"start":{"line":23,"column":25},"end":{"line":23,"column":null}},"17":{"start":{"line":28,"column":30},"end":{"line":28,"column":null}},"18":{"start":{"line":29,"column":4},"end":{"line":29,"column":null}},"19":{"start":{"line":31,"column":28},"end":{"line":31,"column":null}},"20":{"start":{"line":32,"column":4},"end":{"line":32,"column":null}},"21":{"start":{"line":34,"column":29},"end":{"line":44,"column":null}},"22":{"start":{"line":46,"column":4},"end":{"line":103,"column":null}},"23":{"start":{"line":47,"column":6},"end":{"line":47,"column":null}},"24":{"start":{"line":47,"column":48},"end":{"line":47,"column":null}},"25":{"start":{"line":49,"column":28},"end":{"line":55,"column":null}},"26":{"start":{"line":57,"column":6},"end":{"line":102,"column":null}},"27":{"start":{"line":58,"column":25},"end":{"line":58,"column":59}},"28":{"start":{"line":59,"column":23},"end":{"line":59,"column":null}},"29":{"start":{"line":61,"column":8},"end":{"line":101,"column":null}},"30":{"start":{"line":62,"column":27},"end":{"line":62,"column":null}},"31":{"start":{"line":63,"column":34},"end":{"line":63,"column":97}},"32":{"start":{"line":64,"column":32},"end":{"line":64,"column":null}},"33":{"start":{"line":66,"column":29},"end":{"line":66,"column":null}},"34":{"start":{"line":67,"column":10},"end":{"line":67,"column":null}},"35":{"start":{"line":69,"column":10},"end":{"line":79,"column":null}},"36":{"start":{"line":81,"column":9},"end":{"line":98,"column":null}},"37":{"start":{"line":92,"column":14},"end":{"line":92,"column":null}},"38":{"start":{"line":94,"column":14},"end":{"line":97,"column":null}},"39":{"start":{"line":100,"column":10},"end":{"line":100,"column":null}},"40":{"start":{"line":108,"column":29},"end":{"line":108,"column":null}},"41":{"start":{"line":109,"column":4},"end":{"line":109,"column":null}},"42":{"start":{"line":111,"column":27},"end":{"line":111,"column":null}},"43":{"start":{"line":112,"column":4},"end":{"line":112,"column":null}},"44":{"start":{"line":114,"column":26},"end":{"line":124,"column":null}},"45":{"start":{"line":126,"column":4},"end":{"line":156,"column":null}},"46":{"start":{"line":127,"column":6},"end":{"line":127,"column":null}},"47":{"start":{"line":127,"column":29},"end":{"line":127,"column":null}},"48":{"start":{"line":129,"column":23},"end":{"line":129,"column":59}},"49":{"start":{"line":130,"column":21},"end":{"line":130,"column":null}},"50":{"start":{"line":132,"column":6},"end":{"line":155,"column":null}},"51":{"start":{"line":133,"column":29},"end":{"line":133,"column":null}},"52":{"start":{"line":134,"column":37},"end":{"line":134,"column":null}},"53":{"start":{"line":136,"column":8},"end":{"line":142,"column":null}},"54":{"start":{"line":137,"column":12},"end":{"line":137,"column":null}},"55":{"start":{"line":138,"column":15},"end":{"line":142,"column":null}},"56":{"start":{"line":139,"column":12},"end":{"line":139,"column":null}},"57":{"start":{"line":140,"column":15},"end":{"line":142,"column":null}},"58":{"start":{"line":141,"column":12},"end":{"line":141,"column":null}},"59":{"start":{"line":144,"column":8},"end":{"line":152,"column":null}},"60":{"start":{"line":154,"column":8},"end":{"line":154,"column":null}},"61":{"start":{"line":158,"column":4},"end":{"line":160,"column":null}},"62":{"start":{"line":159,"column":6},"end":{"line":159,"column":null}},"63":{"start":{"line":163,"column":4},"end":{"line":167,"column":null}},"64":{"start":{"line":164,"column":6},"end":{"line":166,"column":null}},"65":{"start":{"line":169,"column":4},"end":{"line":173,"column":null}},"66":{"start":{"line":177,"column":16},"end":{"line":177,"column":null}},"67":{"start":{"line":178,"column":4},"end":{"line":178,"column":null}},"68":{"start":{"line":181,"column":4},"end":{"line":185,"column":null}},"69":{"start":{"line":182,"column":6},"end":{"line":184,"column":null}},"70":{"start":{"line":187,"column":4},"end":{"line":187,"column":null}}},"fnMap":{"0":{"name":"GET","decl":{"start":{"line":10,"column":22},"end":{"line":10,"column":26}},"loc":{"start":{"line":10,"column":38},"end":{"line":189,"column":null}}},"1":{"name":"(anonymous_2)","decl":{"start":{"line":90,"column":21},"end":{"line":90,"column":22}},"loc":{"start":{"line":90,"column":22},"end":{"line":98,"column":null}}},"2":{"name":"(anonymous_3)","decl":{"start":{"line":163,"column":27},"end":{"line":163,"column":null}},"loc":{"start":{"line":163,"column":27},"end":{"line":167,"column":null}}},"3":{"name":"(anonymous_4)","decl":{"start":{"line":181,"column":27},"end":{"line":181,"column":null}},"loc":{"start":{"line":181,"column":27},"end":{"line":185,"column":null}}}},"branchMap":{"0":{"loc":{"start":{"line":14,"column":4},"end":{"line":16,"column":null}},"type":"if","locations":[{"start":{"line":14,"column":4},"end":{"line":16,"column":null}}]},"1":{"loc":{"start":{"line":14,"column":8},"end":{"line":14,"column":69}},"type":"binary-expr","locations":[{"start":{"line":14,"column":8},"end":{"line":14,"column":23}},{"start":{"line":14,"column":27},"end":{"line":14,"column":69}}]},"2":{"loc":{"start":{"line":47,"column":6},"end":{"line":47,"column":null}},"type":"if","locations":[{"start":{"line":47,"column":6},"end":{"line":47,"column":null}}]},"3":{"loc":{"start":{"line":47,"column":10},"end":{"line":47,"column":46}},"type":"binary-expr","locations":[{"start":{"line":47,"column":10},"end":{"line":47,"column":27}},{"start":{"line":47,"column":31},"end":{"line":47,"column":46}}]},"4":{"loc":{"start":{"line":57,"column":6},"end":{"line":102,"column":null}},"type":"if","locations":[{"start":{"line":57,"column":6},"end":{"line":102,"column":null}}]},"5":{"loc":{"start":{"line":61,"column":8},"end":{"line":101,"column":null}},"type":"if","locations":[{"start":{"line":61,"column":8},"end":{"line":101,"column":null}}]},"6":{"loc":{"start":{"line":62,"column":27},"end":{"line":62,"column":null}},"type":"cond-expr","locations":[{"start":{"line":62,"column":49},"end":{"line":62,"column":99}},{"start":{"line":62,"column":99},"end":{"line":62,"column":null}}]},"7":{"loc":{"start":{"line":95,"column":26},"end":{"line":95,"column":null}},"type":"binary-expr","locations":[{"start":{"line":95,"column":26},"end":{"line":95,"column":42}},{"start":{"line":95,"column":46},"end":{"line":95,"column":null}}]},"8":{"loc":{"start":{"line":127,"column":6},"end":{"line":127,"column":null}},"type":"if","locations":[{"start":{"line":127,"column":6},"end":{"line":127,"column":null}}]},"9":{"loc":{"start":{"line":132,"column":6},"end":{"line":155,"column":null}},"type":"if","locations":[{"start":{"line":132,"column":6},"end":{"line":155,"column":null}}]},"10":{"loc":{"start":{"line":133,"column":29},"end":{"line":133,"column":null}},"type":"binary-expr","locations":[{"start":{"line":133,"column":29},"end":{"line":133,"column":60}},{"start":{"line":133,"column":60},"end":{"line":133,"column":null}}]},"11":{"loc":{"start":{"line":136,"column":8},"end":{"line":142,"column":null}},"type":"if","locations":[{"start":{"line":136,"column":8},"end":{"line":142,"column":null}},{"start":{"line":138,"column":15},"end":{"line":142,"column":null}}]},"12":{"loc":{"start":{"line":138,"column":15},"end":{"line":142,"column":null}},"type":"if","locations":[{"start":{"line":138,"column":15},"end":{"line":142,"column":null}},{"start":{"line":140,"column":15},"end":{"line":142,"column":null}}]},"13":{"loc":{"start":{"line":140,"column":15},"end":{"line":142,"column":null}},"type":"if","locations":[{"start":{"line":140,"column":15},"end":{"line":142,"column":null}}]},"14":{"loc":{"start":{"line":158,"column":4},"end":{"line":160,"column":null}},"type":"if","locations":[{"start":{"line":158,"column":4},"end":{"line":160,"column":null}}]}},"s":{"0":1,"1":1,"2":1,"3":1,"4":1,"5":1,"6":1,"7":1,"8":2,"9":2,"10":2,"11":1,"12":1,"13":1,"14":1,"15":1,"16":1,"17":1,"18":1,"19":1,"20":1,"21":1,"22":1,"23":1,"24":1,"25":0,"26":0,"27":0,"28":0,"29":0,"30":0,"31":0,"32":0,"33":0,"34":0,"35":0,"36":0,"37":0,"38":0,"39":0,"40":1,"41":1,"42":1,"43":1,"44":1,"45":1,"46":0,"47":0,"48":0,"49":0,"50":0,"51":0,"52":0,"53":0,"54":0,"55":0,"56":0,"57":0,"58":0,"59":0,"60":0,"61":1,"62":0,"63":1,"64":1,"65":1,"66":0,"67":0,"68":0,"69":0,"70":0},"f":{"0":2,"1":0,"2":1,"3":0},"b":{"0":[1],"1":[2,2],"2":[1],"3":[1,1],"4":[0],"5":[0],"6":[0,0],"7":[0,0],"8":[0],"9":[0],"10":[0,0],"11":[0,0],"12":[0,0],"13":[0],"14":[0]}}
,"F:\\web\\turclub_next\\tour-club-eva\\src\\app\\api\\webhooks\\telegram\\route.ts": {"path":"F:\\web\\turclub_next\\tour-club-eva\\src\\app\\api\\webhooks\\telegram\\route.ts","statementMap":{"0":{"start":{"line":25,"column":22},"end":{"line":25,"column":27}},"1":{"start":{"line":1,"column":29},"end":{"line":1,"column":null}},"2":{"start":{"line":2,"column":23},"end":{"line":2,"column":null}},"3":{"start":{"line":3,"column":20},"end":{"line":3,"column":null}},"4":{"start":{"line":4,"column":22},"end":{"line":4,"column":null}},"5":{"start":{"line":5,"column":32},"end":{"line":5,"column":null}},"6":{"start":{"line":6,"column":26},"end":{"line":6,"column":null}},"7":{"start":{"line":7,"column":39},"end":{"line":7,"column":null}},"8":{"start":{"line":8,"column":34},"end":{"line":8,"column":null}},"9":{"start":{"line":9,"column":32},"end":{"line":9,"column":null}},"10":{"start":{"line":10,"column":42},"end":{"line":10,"column":null}},"11":{"start":{"line":13,"column":14},"end":{"line":13,"column":null}},"12":{"start":{"line":16,"column":18},"end":{"line":20,"column":null}},"13":{"start":{"line":23,"column":11},"end":{"line":23,"column":null}},"14":{"start":{"line":23,"column":17},"end":{"line":23,"column":null}},"15":{"start":{"line":26,"column":2},"end":{"line":433,"column":null}},"16":{"start":{"line":28,"column":25},"end":{"line":28,"column":null}},"17":{"start":{"line":29,"column":4},"end":{"line":32,"column":null}},"18":{"start":{"line":30,"column":6},"end":{"line":30,"column":null}},"19":{"start":{"line":31,"column":6},"end":{"line":31,"column":null}},"20":{"start":{"line":35,"column":15},"end":{"line":35,"column":null}},"21":{"start":{"line":36,"column":24},"end":{"line":36,"column":null}},"22":{"start":{"line":37,"column":4},"end":{"line":40,"column":null}},"23":{"start":{"line":38,"column":6},"end":{"line":38,"column":null}},"24":{"start":{"line":39,"column":6},"end":{"line":39,"column":19}},"25":{"start":{"line":42,"column":17},"end":{"line":42,"column":null}},"26":{"start":{"line":47,"column":21},"end":{"line":47,"column":35}},"27":{"start":{"line":48,"column":4},"end":{"line":59,"column":null}},"28":{"start":{"line":49,"column":18},"end":{"line":49,"column":41}},"29":{"start":{"line":53,"column":20},"end":{"line":53,"column":null}},"30":{"start":{"line":55,"column":6},"end":{"line":58,"column":null}},"31":{"start":{"line":56,"column":8},"end":{"line":56,"column":null}},"32":{"start":{"line":57,"column":8},"end":{"line":57,"column":21}},"33":{"start":{"line":63,"column":4},"end":{"line":247,"column":null}},"34":{"start":{"line":64,"column":27},"end":{"line":64,"column":51}},"35":{"start":{"line":65,"column":6},"end":{"line":65,"column":null}},"36":{"start":{"line":65,"column":25},"end":{"line":65,"column":null}},"37":{"start":{"line":70,"column":6},"end":{"line":84,"column":null}},"38":{"start":{"line":71,"column":26},"end":{"line":71,"column":null}},"39":{"start":{"line":72,"column":29},"end":{"line":72,"column":null}},"40":{"start":{"line":73,"column":26},"end":{"line":73,"column":64}},"41":{"start":{"line":74,"column":29},"end":{"line":74,"column":null}},"42":{"start":{"line":77,"column":8},"end":{"line":77,"column":null}},"43":{"start":{"line":80,"column":24},"end":{"line":80,"column":null}},"44":{"start":{"line":81,"column":8},"end":{"line":81,"column":null}},"45":{"start":{"line":82,"column":8},"end":{"line":82,"column":null}},"46":{"start":{"line":83,"column":8},"end":{"line":83,"column":null}},"47":{"start":{"line":89,"column":6},"end":{"line":115,"column":null}},"48":{"start":{"line":90,"column":26},"end":{"line":90,"column":null}},"49":{"start":{"line":91,"column":23},"end":{"line":91,"column":null}},"50":{"start":{"line":93,"column":29},"end":{"line":93,"column":null}},"51":{"start":{"line":94,"column":26},"end":{"line":94,"column":64}},"52":{"start":{"line":95,"column":29},"end":{"line":95,"column":null}},"53":{"start":{"line":97,"column":8},"end":{"line":112,"column":null}},"54":{"start":{"line":98,"column":27},"end":{"line":98,"column":null}},"55":{"start":{"line":99,"column":11},"end":{"line":99,"column":null}},"56":{"start":{"line":101,"column":27},"end":{"line":101,"column":null}},"57":{"start":{"line":103,"column":11},"end":{"line":111,"column":null}},"58":{"start":{"line":104,"column":32},"end":{"line":104,"column":421}},"59":{"start":{"line":105,"column":15},"end":{"line":105,"column":null}},"60":{"start":{"line":107,"column":31},"end":{"line":107,"column":null}},"61":{"start":{"line":108,"column":15},"end":{"line":108,"column":null}},"62":{"start":{"line":110,"column":15},"end":{"line":110,"column":null}},"63":{"start":{"line":113,"column":8},"end":{"line":113,"column":null}},"64":{"start":{"line":114,"column":8},"end":{"line":114,"column":null}},"65":{"start":{"line":118,"column":6},"end":{"line":244,"column":null}},"66":{"start":{"line":119,"column":28},"end":{"line":119,"column":null}},"67":{"start":{"line":120,"column":26},"end":{"line":120,"column":64}},"68":{"start":{"line":121,"column":26},"end":{"line":121,"column":null}},"69":{"start":{"line":123,"column":5},"end":{"line":238,"column":null}},"70":{"start":{"line":124,"column":28},"end":{"line":124,"column":null}},"71":{"start":{"line":128,"column":26},"end":{"line":132,"column":null}},"72":{"start":{"line":134,"column":10},"end":{"line":137,"column":null}},"73":{"start":{"line":135,"column":12},"end":{"line":135,"column":null}},"74":{"start":{"line":136,"column":12},"end":{"line":136,"column":null}},"75":{"start":{"line":140,"column":26},"end":{"line":143,"column":null}},"76":{"start":{"line":144,"column":10},"end":{"line":144,"column":null}},"77":{"start":{"line":144,"column":24},"end":{"line":144,"column":null}},"78":{"start":{"line":147,"column":10},"end":{"line":152,"column":null}},"79":{"start":{"line":148,"column":12},"end":{"line":151,"column":null}},"80":{"start":{"line":155,"column":48},"end":{"line":157,"column":null}},"81":{"start":{"line":160,"column":10},"end":{"line":181,"column":null}},"82":{"start":{"line":161,"column":12},"end":{"line":173,"column":null}},"83":{"start":{"line":174,"column":17},"end":{"line":181,"column":null}},"84":{"start":{"line":176,"column":32},"end":{"line":176,"column":null}},"85":{"start":{"line":177,"column":32},"end":{"line":177,"column":null}},"86":{"start":{"line":178,"column":30},"end":{"line":178,"column":null}},"87":{"start":{"line":179,"column":30},"end":{"line":179,"column":215}},"88":{"start":{"line":180,"column":12},"end":{"line":180,"column":null}},"89":{"start":{"line":183,"column":10},"end":{"line":183,"column":null}},"90":{"start":{"line":185,"column":13},"end":{"line":238,"column":null}},"91":{"start":{"line":186,"column":28},"end":{"line":186,"column":null}},"92":{"start":{"line":190,"column":26},"end":{"line":194,"column":null}},"93":{"start":{"line":196,"column":10},"end":{"line":199,"column":null}},"94":{"start":{"line":197,"column":12},"end":{"line":197,"column":null}},"95":{"start":{"line":198,"column":12},"end":{"line":198,"column":null}},"96":{"start":{"line":202,"column":26},"end":{"line":206,"column":null}},"97":{"start":{"line":209,"column":10},"end":{"line":214,"column":null}},"98":{"start":{"line":210,"column":12},"end":{"line":213,"column":null}},"99":{"start":{"line":216,"column":48},"end":{"line":218,"column":null}},"100":{"start":{"line":221,"column":10},"end":{"line":235,"column":null}},"101":{"start":{"line":222,"column":12},"end":{"line":230,"column":null}},"102":{"start":{"line":231,"column":17},"end":{"line":235,"column":null}},"103":{"start":{"line":233,"column":30},"end":{"line":233,"column":291}},"104":{"start":{"line":234,"column":12},"end":{"line":234,"column":null}},"105":{"start":{"line":237,"column":10},"end":{"line":237,"column":null}},"106":{"start":{"line":240,"column":8},"end":{"line":240,"column":null}},"107":{"start":{"line":243,"column":8},"end":{"line":243,"column":null}},"108":{"start":{"line":246,"column":6},"end":{"line":246,"column":null}},"109":{"start":{"line":249,"column":3},"end":{"line":249,"column":null}},"110":{"start":{"line":249,"column":22},"end":{"line":249,"column":null}},"111":{"start":{"line":251,"column":19},"end":{"line":251,"column":null}},"112":{"start":{"line":252,"column":17},"end":{"line":252,"column":null}},"113":{"start":{"line":257,"column":28},"end":{"line":257,"column":null}},"114":{"start":{"line":260,"column":4},"end":{"line":306,"column":null}},"115":{"start":{"line":261,"column":24},"end":{"line":264,"column":null}},"116":{"start":{"line":266,"column":8},"end":{"line":304,"column":null}},"117":{"start":{"line":268,"column":12},"end":{"line":278,"column":null}},"118":{"start":{"line":281,"column":12},"end":{"line":286,"column":null}},"119":{"start":{"line":282,"column":14},"end":{"line":285,"column":null}},"120":{"start":{"line":289,"column":12},"end":{"line":289,"column":null}},"121":{"start":{"line":292,"column":12},"end":{"line":292,"column":null}},"122":{"start":{"line":295,"column":29},"end":{"line":295,"column":231}},"123":{"start":{"line":297,"column":12},"end":{"line":302,"column":null}},"124":{"start":{"line":305,"column":8},"end":{"line":305,"column":21}},"125":{"start":{"line":310,"column":4},"end":{"line":345,"column":null}},"126":{"start":{"line":312,"column":22},"end":{"line":312,"column":null}},"127":{"start":{"line":315,"column":6},"end":{"line":343,"column":null}},"128":{"start":{"line":316,"column":24},"end":{"line":318,"column":null}},"129":{"start":{"line":320,"column":8},"end":{"line":323,"column":null}},"130":{"start":{"line":321,"column":10},"end":{"line":321,"column":null}},"131":{"start":{"line":322,"column":10},"end":{"line":322,"column":null}},"132":{"start":{"line":325,"column":8},"end":{"line":328,"column":null}},"133":{"start":{"line":326,"column":10},"end":{"line":326,"column":null}},"134":{"start":{"line":327,"column":10},"end":{"line":327,"column":null}},"135":{"start":{"line":330,"column":8},"end":{"line":333,"column":null}},"136":{"start":{"line":335,"column":8},"end":{"line":342,"column":null}},"137":{"start":{"line":336,"column":10},"end":{"line":338,"column":null}},"138":{"start":{"line":340,"column":15},"end":{"line":342,"column":null}},"139":{"start":{"line":341,"column":10},"end":{"line":341,"column":null}},"140":{"start":{"line":344,"column":6},"end":{"line":344,"column":null}},"141":{"start":{"line":350,"column":4},"end":{"line":417,"column":null}},"142":{"start":{"line":351,"column":6},"end":{"line":351,"column":null}},"143":{"start":{"line":354,"column":22},"end":{"line":361,"column":null}},"144":{"start":{"line":363,"column":6},"end":{"line":366,"column":null}},"145":{"start":{"line":364,"column":8},"end":{"line":364,"column":null}},"146":{"start":{"line":365,"column":8},"end":{"line":365,"column":null}},"147":{"start":{"line":368,"column":6},"end":{"line":368,"column":null}},"148":{"start":{"line":370,"column":19},"end":{"line":372,"column":null}},"149":{"start":{"line":374,"column":6},"end":{"line":374,"column":null}},"150":{"start":{"line":374,"column":19},"end":{"line":374,"column":null}},"151":{"start":{"line":376,"column":6},"end":{"line":415,"column":null}},"152":{"start":{"line":377,"column":24},"end":{"line":377,"column":null}},"153":{"start":{"line":378,"column":27},"end":{"line":378,"column":62}},"154":{"start":{"line":381,"column":8},"end":{"line":389,"column":null}},"155":{"start":{"line":392,"column":8},"end":{"line":397,"column":null}},"156":{"start":{"line":393,"column":10},"end":{"line":396,"column":null}},"157":{"start":{"line":399,"column":24},"end":{"line":399,"column":245}},"158":{"start":{"line":402,"column":8},"end":{"line":410,"column":null}},"159":{"start":{"line":413,"column":8},"end":{"line":413,"column":null}},"160":{"start":{"line":414,"column":8},"end":{"line":414,"column":null}},"161":{"start":{"line":416,"column":6},"end":{"line":416,"column":null}},"162":{"start":{"line":419,"column":4},"end":{"line":419,"column":null}},"163":{"start":{"line":422,"column":16},"end":{"line":422,"column":null}},"164":{"start":{"line":423,"column":4},"end":{"line":423,"column":null}},"165":{"start":{"line":426,"column":4},"end":{"line":430,"column":null}},"166":{"start":{"line":427,"column":6},"end":{"line":429,"column":null}},"167":{"start":{"line":432,"column":4},"end":{"line":432,"column":null}},"168":{"start":{"line":441,"column":16},"end":{"line":441,"column":37}},"169":{"start":{"line":442,"column":2},"end":{"line":446,"column":null}},"170":{"start":{"line":450,"column":16},"end":{"line":450,"column":38}},"171":{"start":{"line":451,"column":2},"end":{"line":461,"column":null}},"172":{"start":{"line":465,"column":16},"end":{"line":465,"column":38}},"173":{"start":{"line":468,"column":21},"end":{"line":468,"column":null}},"174":{"start":{"line":469,"column":17},"end":{"line":469,"column":null}},"175":{"start":{"line":471,"column":20},"end":{"line":481,"column":null}},"176":{"start":{"line":483,"column":2},"end":{"line":484,"column":null}},"177":{"start":{"line":483,"column":18},"end":{"line":483,"column":null}},"178":{"start":{"line":484,"column":7},"end":{"line":484,"column":null}},"179":{"start":{"line":487,"column":18},"end":{"line":487,"column":73}},"180":{"start":{"line":488,"column":2},"end":{"line":490,"column":null}},"181":{"start":{"line":489,"column":4},"end":{"line":489,"column":null}},"182":{"start":{"line":492,"column":2},"end":{"line":496,"column":null}},"183":{"start":{"line":500,"column":16},"end":{"line":500,"column":38}},"184":{"start":{"line":501,"column":2},"end":{"line":505,"column":null}},"185":{"start":{"line":509,"column":16},"end":{"line":509,"column":37}},"186":{"start":{"line":510,"column":14},"end":{"line":510,"column":null}},"187":{"start":{"line":511,"column":15},"end":{"line":511,"column":null}},"188":{"start":{"line":512,"column":2},"end":{"line":512,"column":null}},"189":{"start":{"line":512,"column":16},"end":{"line":512,"column":null}},"190":{"start":{"line":513,"column":2},"end":{"line":513,"column":null}},"191":{"start":{"line":517,"column":20},"end":{"line":517,"column":65}},"192":{"start":{"line":518,"column":23},"end":{"line":518,"column":71}},"193":{"start":{"line":520,"column":2},"end":{"line":523,"column":null}},"194":{"start":{"line":521,"column":4},"end":{"line":521,"column":null}},"195":{"start":{"line":522,"column":4},"end":{"line":522,"column":null}},"196":{"start":{"line":525,"column":19},"end":{"line":525,"column":null}},"197":{"start":{"line":526,"column":2},"end":{"line":526,"column":null}},"198":{"start":{"line":527,"column":2},"end":{"line":527,"column":null}},"199":{"start":{"line":530,"column":14},"end":{"line":533,"column":null}},"200":{"start":{"line":535,"column":15},"end":{"line":535,"column":null}},"201":{"start":{"line":536,"column":2},"end":{"line":536,"column":null}},"202":{"start":{"line":536,"column":23},"end":{"line":536,"column":null}},"203":{"start":{"line":538,"column":2},"end":{"line":538,"column":null}},"204":{"start":{"line":543,"column":16},"end":{"line":543,"column":37}},"205":{"start":{"line":544,"column":2},"end":{"line":554,"column":null}},"206":{"start":{"line":559,"column":16},"end":{"line":559,"column":37}},"207":{"start":{"line":560,"column":2},"end":{"line":564,"column":null}}},"fnMap":{"0":{"name":"(anonymous_1)","decl":{"start":{"line":23,"column":11},"end":{"line":23,"column":17}},"loc":{"start":{"line":23,"column":17},"end":{"line":23,"column":null}}},"1":{"name":"POST","decl":{"start":{"line":25,"column":22},"end":{"line":25,"column":27}},"loc":{"start":{"line":25,"column":39},"end":{"line":434,"column":null}}},"2":{"name":"(anonymous_3)","decl":{"start":{"line":147,"column":33},"end":{"line":147,"column":null}},"loc":{"start":{"line":147,"column":33},"end":{"line":152,"column":null}}},"3":{"name":"(anonymous_4)","decl":{"start":{"line":209,"column":33},"end":{"line":209,"column":null}},"loc":{"start":{"line":209,"column":33},"end":{"line":214,"column":null}}},"4":{"name":"(anonymous_5)","decl":{"start":{"line":281,"column":35},"end":{"line":281,"column":null}},"loc":{"start":{"line":281,"column":35},"end":{"line":286,"column":null}}},"5":{"name":"(anonymous_6)","decl":{"start":{"line":392,"column":31},"end":{"line":392,"column":null}},"loc":{"start":{"line":392,"column":31},"end":{"line":397,"column":null}}},"6":{"name":"(anonymous_7)","decl":{"start":{"line":426,"column":27},"end":{"line":426,"column":null}},"loc":{"start":{"line":426,"column":27},"end":{"line":430,"column":null}}},"7":{"name":"sendMessage","decl":{"start":{"line":440,"column":15},"end":{"line":440,"column":27}},"loc":{"start":{"line":440,"column":55},"end":{"line":447,"column":null}}},"8":{"name":"editAdminMessage","decl":{"start":{"line":449,"column":15},"end":{"line":449,"column":32}},"loc":{"start":{"line":449,"column":82},"end":{"line":462,"column":null}}},"9":{"name":"sendModerationRequest","decl":{"start":{"line":464,"column":15},"end":{"line":464,"column":37}},"loc":{"start":{"line":464,"column":109},"end":{"line":497,"column":null}}},"10":{"name":"answerCallbackQuery","decl":{"start":{"line":499,"column":15},"end":{"line":499,"column":35}},"loc":{"start":{"line":499,"column":58},"end":{"line":506,"column":null}}},"11":{"name":"getTelegramFileUrl","decl":{"start":{"line":508,"column":15},"end":{"line":508,"column":34}},"loc":{"start":{"line":508,"column":48},"end":{"line":514,"column":null}}},"12":{"name":"uploadToCloudinary","decl":{"start":{"line":516,"column":15},"end":{"line":516,"column":34}},"loc":{"start":{"line":516,"column":49},"end":{"line":539,"column":null}}},"13":{"name":"editClientMessage","decl":{"start":{"line":542,"column":15},"end":{"line":542,"column":33}},"loc":{"start":{"line":542,"column":83},"end":{"line":555,"column":null}}},"14":{"name":"answerClientCallbackQuery","decl":{"start":{"line":558,"column":15},"end":{"line":558,"column":41}},"loc":{"start":{"line":558,"column":64},"end":{"line":565,"column":null}}}},"branchMap":{"0":{"loc":{"start":{"line":28,"column":25},"end":{"line":28,"column":null}},"type":"binary-expr","locations":[{"start":{"line":28,"column":25},"end":{"line":28,"column":79}},{"start":{"line":28,"column":79},"end":{"line":28,"column":null}}]},"1":{"loc":{"start":{"line":29,"column":4},"end":{"line":32,"column":null}},"type":"if","locations":[{"start":{"line":29,"column":4},"end":{"line":32,"column":null}}]},"2":{"loc":{"start":{"line":29,"column":8},"end":{"line":29,"column":69}},"type":"binary-expr","locations":[{"start":{"line":29,"column":8},"end":{"line":29,"column":25}},{"start":{"line":29,"column":25},"end":{"line":29,"column":69}}]},"3":{"loc":{"start":{"line":35,"column":15},"end":{"line":35,"column":null}},"type":"binary-expr","locations":[{"start":{"line":35,"column":15},"end":{"line":35,"column":53}},{"start":{"line":35,"column":53},"end":{"line":35,"column":null}}]},"4":{"loc":{"start":{"line":37,"column":4},"end":{"line":40,"column":null}},"type":"if","locations":[{"start":{"line":37,"column":4},"end":{"line":40,"column":null}}]},"5":{"loc":{"start":{"line":48,"column":4},"end":{"line":59,"column":null}},"type":"if","locations":[{"start":{"line":48,"column":4},"end":{"line":59,"column":null}}]},"6":{"loc":{"start":{"line":55,"column":6},"end":{"line":58,"column":null}},"type":"if","locations":[{"start":{"line":55,"column":6},"end":{"line":58,"column":null}}]},"7":{"loc":{"start":{"line":63,"column":4},"end":{"line":247,"column":null}},"type":"if","locations":[{"start":{"line":63,"column":4},"end":{"line":247,"column":null}}]},"8":{"loc":{"start":{"line":65,"column":6},"end":{"line":65,"column":null}},"type":"if","locations":[{"start":{"line":65,"column":6},"end":{"line":65,"column":null}}]},"9":{"loc":{"start":{"line":70,"column":6},"end":{"line":84,"column":null}},"type":"if","locations":[{"start":{"line":70,"column":6},"end":{"line":84,"column":null}}]},"10":{"loc":{"start":{"line":74,"column":29},"end":{"line":74,"column":null}},"type":"binary-expr","locations":[{"start":{"line":74,"column":29},"end":{"line":74,"column":61}},{"start":{"line":74,"column":65},"end":{"line":74,"column":null}}]},"11":{"loc":{"start":{"line":89,"column":6},"end":{"line":115,"column":null}},"type":"if","locations":[{"start":{"line":89,"column":6},"end":{"line":115,"column":null}}]},"12":{"loc":{"start":{"line":89,"column":10},"end":{"line":89,"column":95}},"type":"binary-expr","locations":[{"start":{"line":89,"column":10},"end":{"line":89,"column":54}},{"start":{"line":89,"column":54},"end":{"line":89,"column":95}}]},"13":{"loc":{"start":{"line":91,"column":23},"end":{"line":91,"column":null}},"type":"cond-expr","locations":[{"start":{"line":91,"column":66},"end":{"line":91,"column":78}},{"start":{"line":91,"column":78},"end":{"line":91,"column":null}}]},"14":{"loc":{"start":{"line":95,"column":29},"end":{"line":95,"column":null}},"type":"binary-expr","locations":[{"start":{"line":95,"column":29},"end":{"line":95,"column":61}},{"start":{"line":95,"column":65},"end":{"line":95,"column":null}}]},"15":{"loc":{"start":{"line":97,"column":8},"end":{"line":112,"column":null}},"type":"if","locations":[{"start":{"line":97,"column":8},"end":{"line":112,"column":null}},{"start":{"line":100,"column":15},"end":{"line":112,"column":null}}]},"16":{"loc":{"start":{"line":103,"column":11},"end":{"line":111,"column":null}},"type":"if","locations":[{"start":{"line":103,"column":11},"end":{"line":111,"column":null}},{"start":{"line":109,"column":18},"end":{"line":111,"column":null}}]},"17":{"loc":{"start":{"line":103,"column":15},"end":{"line":103,"column":58}},"type":"binary-expr","locations":[{"start":{"line":103,"column":15},"end":{"line":103,"column":26}},{"start":{"line":103,"column":26},"end":{"line":103,"column":58}}]},"18":{"loc":{"start":{"line":118,"column":6},"end":{"line":244,"column":null}},"type":"if","locations":[{"start":{"line":118,"column":6},"end":{"line":244,"column":null}},{"start":{"line":241,"column":13},"end":{"line":244,"column":null}}]},"19":{"loc":{"start":{"line":118,"column":10},"end":{"line":118,"column":85}},"type":"binary-expr","locations":[{"start":{"line":118,"column":10},"end":{"line":118,"column":49}},{"start":{"line":118,"column":49},"end":{"line":118,"column":85}}]},"20":{"loc":{"start":{"line":121,"column":26},"end":{"line":121,"column":null}},"type":"cond-expr","locations":[{"start":{"line":121,"column":62},"end":{"line":121,"column":101}},{"start":{"line":121,"column":105},"end":{"line":121,"column":null}}]},"21":{"loc":{"start":{"line":121,"column":105},"end":{"line":121,"column":null}},"type":"binary-expr","locations":[{"start":{"line":121,"column":105},"end":{"line":121,"column":140}},{"start":{"line":121,"column":144},"end":{"line":121,"column":null}}]},"22":{"loc":{"start":{"line":123,"column":5},"end":{"line":238,"column":null}},"type":"if","locations":[{"start":{"line":123,"column":5},"end":{"line":238,"column":null}},{"start":{"line":185,"column":13},"end":{"line":238,"column":null}}]},"23":{"loc":{"start":{"line":134,"column":10},"end":{"line":137,"column":null}},"type":"if","locations":[{"start":{"line":134,"column":10},"end":{"line":137,"column":null}}]},"24":{"loc":{"start":{"line":144,"column":10},"end":{"line":144,"column":null}},"type":"if","locations":[{"start":{"line":144,"column":10},"end":{"line":144,"column":null}}]},"25":{"loc":{"start":{"line":160,"column":10},"end":{"line":181,"column":null}},"type":"if","locations":[{"start":{"line":160,"column":10},"end":{"line":181,"column":null}},{"start":{"line":174,"column":17},"end":{"line":181,"column":null}}]},"26":{"loc":{"start":{"line":169,"column":30},"end":{"line":169,"column":null}},"type":"binary-expr","locations":[{"start":{"line":169,"column":30},"end":{"line":169,"column":64}},{"start":{"line":169,"column":64},"end":{"line":169,"column":null}}]},"27":{"loc":{"start":{"line":174,"column":17},"end":{"line":181,"column":null}},"type":"if","locations":[{"start":{"line":174,"column":17},"end":{"line":181,"column":null}}]},"28":{"loc":{"start":{"line":176,"column":32},"end":{"line":176,"column":null}},"type":"binary-expr","locations":[{"start":{"line":176,"column":32},"end":{"line":176,"column":66}},{"start":{"line":176,"column":66},"end":{"line":176,"column":96}},{"start":{"line":176,"column":96},"end":{"line":176,"column":null}}]},"29":{"loc":{"start":{"line":177,"column":32},"end":{"line":177,"column":null}},"type":"binary-expr","locations":[{"start":{"line":177,"column":32},"end":{"line":177,"column":58}},{"start":{"line":177,"column":58},"end":{"line":177,"column":null}}]},"30":{"loc":{"start":{"line":178,"column":30},"end":{"line":178,"column":null}},"type":"cond-expr","locations":[{"start":{"line":178,"column":60},"end":{"line":178,"column":112}},{"start":{"line":178,"column":115},"end":{"line":178,"column":null}}]},"31":{"loc":{"start":{"line":185,"column":13},"end":{"line":238,"column":null}},"type":"if","locations":[{"start":{"line":185,"column":13},"end":{"line":238,"column":null}}]},"32":{"loc":{"start":{"line":196,"column":10},"end":{"line":199,"column":null}},"type":"if","locations":[{"start":{"line":196,"column":10},"end":{"line":199,"column":null}}]},"33":{"loc":{"start":{"line":221,"column":10},"end":{"line":235,"column":null}},"type":"if","locations":[{"start":{"line":221,"column":10},"end":{"line":235,"column":null}},{"start":{"line":231,"column":17},"end":{"line":235,"column":null}}]},"34":{"loc":{"start":{"line":231,"column":17},"end":{"line":235,"column":null}},"type":"if","locations":[{"start":{"line":231,"column":17},"end":{"line":235,"column":null}}]},"35":{"loc":{"start":{"line":249,"column":3},"end":{"line":249,"column":null}},"type":"if","locations":[{"start":{"line":249,"column":3},"end":{"line":249,"column":null}}]},"36":{"loc":{"start":{"line":252,"column":17},"end":{"line":252,"column":null}},"type":"binary-expr","locations":[{"start":{"line":252,"column":17},"end":{"line":252,"column":34}},{"start":{"line":252,"column":38},"end":{"line":252,"column":null}}]},"37":{"loc":{"start":{"line":260,"column":4},"end":{"line":306,"column":null}},"type":"if","locations":[{"start":{"line":260,"column":4},"end":{"line":306,"column":null}}]},"38":{"loc":{"start":{"line":260,"column":8},"end":{"line":260,"column":58}},"type":"binary-expr","locations":[{"start":{"line":260,"column":8},"end":{"line":260,"column":27}},{"start":{"line":260,"column":27},"end":{"line":260,"column":35}},{"start":{"line":260,"column":35},"end":{"line":260,"column":58}}]},"39":{"loc":{"start":{"line":266,"column":8},"end":{"line":304,"column":null}},"type":"if","locations":[{"start":{"line":266,"column":8},"end":{"line":304,"column":null}}]},"40":{"loc":{"start":{"line":310,"column":4},"end":{"line":345,"column":null}},"type":"if","locations":[{"start":{"line":310,"column":4},"end":{"line":345,"column":null}}]},"41":{"loc":{"start":{"line":315,"column":6},"end":{"line":343,"column":null}},"type":"if","locations":[{"start":{"line":315,"column":6},"end":{"line":343,"column":null}}]},"42":{"loc":{"start":{"line":320,"column":8},"end":{"line":323,"column":null}},"type":"if","locations":[{"start":{"line":320,"column":8},"end":{"line":323,"column":null}}]},"43":{"loc":{"start":{"line":325,"column":8},"end":{"line":328,"column":null}},"type":"if","locations":[{"start":{"line":325,"column":8},"end":{"line":328,"column":null}}]},"44":{"loc":{"start":{"line":335,"column":8},"end":{"line":342,"column":null}},"type":"if","locations":[{"start":{"line":335,"column":8},"end":{"line":342,"column":null}},{"start":{"line":340,"column":15},"end":{"line":342,"column":null}}]},"45":{"loc":{"start":{"line":335,"column":12},"end":{"line":335,"column":83}},"type":"binary-expr","locations":[{"start":{"line":335,"column":12},"end":{"line":335,"column":53}},{"start":{"line":335,"column":53},"end":{"line":335,"column":83}}]},"46":{"loc":{"start":{"line":340,"column":15},"end":{"line":342,"column":null}},"type":"if","locations":[{"start":{"line":340,"column":15},"end":{"line":342,"column":null}}]},"47":{"loc":{"start":{"line":350,"column":4},"end":{"line":417,"column":null}},"type":"if","locations":[{"start":{"line":350,"column":4},"end":{"line":417,"column":null}}]},"48":{"loc":{"start":{"line":350,"column":8},"end":{"line":350,"column":55}},"type":"binary-expr","locations":[{"start":{"line":350,"column":8},"end":{"line":350,"column":31}},{"start":{"line":350,"column":31},"end":{"line":350,"column":55}}]},"49":{"loc":{"start":{"line":363,"column":6},"end":{"line":366,"column":null}},"type":"if","locations":[{"start":{"line":363,"column":6},"end":{"line":366,"column":null}}]},"50":{"loc":{"start":{"line":370,"column":19},"end":{"line":372,"column":null}},"type":"cond-expr","locations":[{"start":{"line":371,"column":10},"end":{"line":371,"column":67}},{"start":{"line":372,"column":10},"end":{"line":372,"column":null}}]},"51":{"loc":{"start":{"line":374,"column":6},"end":{"line":374,"column":null}},"type":"if","locations":[{"start":{"line":374,"column":6},"end":{"line":374,"column":null}}]},"52":{"loc":{"start":{"line":399,"column":118},"end":{"line":399,"column":147}},"type":"binary-expr","locations":[{"start":{"line":399,"column":118},"end":{"line":399,"column":139}},{"start":{"line":399,"column":143},"end":{"line":399,"column":147}}]},"53":{"loc":{"start":{"line":399,"column":176},"end":{"line":399,"column":208}},"type":"binary-expr","locations":[{"start":{"line":399,"column":176},"end":{"line":399,"column":202}},{"start":{"line":399,"column":202},"end":{"line":399,"column":208}}]},"54":{"loc":{"start":{"line":469,"column":17},"end":{"line":469,"column":null}},"type":"cond-expr","locations":[{"start":{"line":469,"column":30},"end":{"line":469,"column":47}},{"start":{"line":469,"column":47},"end":{"line":469,"column":null}}]},"55":{"loc":{"start":{"line":483,"column":2},"end":{"line":484,"column":null}},"type":"if","locations":[{"start":{"line":483,"column":2},"end":{"line":484,"column":null}},{"start":{"line":484,"column":7},"end":{"line":484,"column":null}}]},"56":{"loc":{"start":{"line":487,"column":18},"end":{"line":487,"column":73}},"type":"binary-expr","locations":[{"start":{"line":487,"column":18},"end":{"line":487,"column":42}},{"start":{"line":487,"column":46},"end":{"line":487,"column":73}}]},"57":{"loc":{"start":{"line":488,"column":2},"end":{"line":490,"column":null}},"type":"if","locations":[{"start":{"line":488,"column":2},"end":{"line":490,"column":null}}]},"58":{"loc":{"start":{"line":512,"column":2},"end":{"line":512,"column":null}},"type":"if","locations":[{"start":{"line":512,"column":2},"end":{"line":512,"column":null}}]},"59":{"loc":{"start":{"line":520,"column":2},"end":{"line":523,"column":null}},"type":"if","locations":[{"start":{"line":520,"column":2},"end":{"line":523,"column":null}}]},"60":{"loc":{"start":{"line":520,"column":6},"end":{"line":520,"column":35}},"type":"binary-expr","locations":[{"start":{"line":520,"column":6},"end":{"line":520,"column":20}},{"start":{"line":520,"column":20},"end":{"line":520,"column":35}}]},"61":{"loc":{"start":{"line":536,"column":2},"end":{"line":536,"column":null}},"type":"if","locations":[{"start":{"line":536,"column":2},"end":{"line":536,"column":null}}]}},"s":{"0":1,"1":1,"2":1,"3":1,"4":1,"5":1,"6":1,"7":1,"8":1,"9":1,"10":1,"11":1,"12":1,"13":1,"14":1,"15":1,"16":1,"17":1,"18":0,"19":0,"20":1,"21":1,"22":1,"23":0,"24":0,"25":1,"26":1,"27":1,"28":1,"29":1,"30":1,"31":0,"32":0,"33":1,"34":1,"35":1,"36":0,"37":1,"38":0,"39":0,"40":0,"41":0,"42":0,"43":0,"44":0,"45":0,"46":0,"47":1,"48":0,"49":0,"50":0,"51":0,"52":0,"53":0,"54":0,"55":0,"56":0,"57":0,"58":0,"59":0,"60":0,"61":0,"62":0,"63":0,"64":0,"65":1,"66":1,"67":1,"68":1,"69":1,"70":1,"71":1,"72":1,"73":0,"74":0,"75":1,"76":1,"77":0,"78":1,"79":1,"80":1,"81":1,"82":1,"83":0,"84":0,"85":0,"86":0,"87":0,"88":0,"89":1,"90":0,"91":0,"92":0,"93":0,"94":0,"95":0,"96":0,"97":0,"98":0,"99":0,"100":0,"101":0,"102":0,"103":0,"104":0,"105":0,"106":1,"107":0,"108":1,"109":0,"110":0,"111":0,"112":0,"113":0,"114":0,"115":0,"116":0,"117":0,"118":0,"119":0,"120":0,"121":0,"122":0,"123":0,"124":0,"125":0,"126":0,"127":0,"128":0,"129":0,"130":0,"131":0,"132":0,"133":0,"134":0,"135":0,"136":0,"137":0,"138":0,"139":0,"140":0,"141":0,"142":0,"143":0,"144":0,"145":0,"146":0,"147":0,"148":0,"149":0,"150":0,"151":0,"152":0,"153":0,"154":0,"155":0,"156":0,"157":0,"158":0,"159":0,"160":0,"161":0,"162":0,"163":0,"164":0,"165":0,"166":0,"167":0,"168":0,"169":0,"170":1,"171":1,"172":0,"173":0,"174":0,"175":0,"176":0,"177":0,"178":0,"179":0,"180":0,"181":0,"182":0,"183":1,"184":1,"185":0,"186":0,"187":0,"188":0,"189":0,"190":0,"191":0,"192":0,"193":0,"194":0,"195":0,"196":0,"197":0,"198":0,"199":0,"200":0,"201":0,"202":0,"203":0,"204":0,"205":0,"206":0,"207":0},"f":{"0":1,"1":1,"2":1,"3":0,"4":0,"5":0,"6":0,"7":0,"8":1,"9":0,"10":1,"11":0,"12":0,"13":0,"14":0},"b":{"0":[1,0],"1":[0],"2":[1,1],"3":[1,1],"4":[0],"5":[1],"6":[0],"7":[1],"8":[0],"9":[0],"10":[0,0],"11":[0],"12":[1,1],"13":[0,0],"14":[0,0],"15":[0,0],"16":[0,0],"17":[0,0],"18":[1,0],"19":[1,0],"20":[1,0],"21":[0,0],"22":[1,0],"23":[0],"24":[0],"25":[1,0],"26":[1,1],"27":[0],"28":[0,0,0],"29":[0,0],"30":[0,0],"31":[0],"32":[0],"33":[0,0],"34":[0],"35":[0],"36":[0,0],"37":[0],"38":[0,0,0],"39":[0],"40":[0],"41":[0],"42":[0],"43":[0],"44":[0,0],"45":[0,0],"46":[0],"47":[0],"48":[0,0],"49":[0],"50":[0,0],"51":[0],"52":[0,0],"53":[0,0],"54":[0,0],"55":[0,0],"56":[0,0],"57":[0],"58":[0],"59":[0],"60":[0,0],"61":[0]}}
,"F:\\web\\turclub_next\\tour-club-eva\\src\\features\\admin\\actions\\bookingStatus.ts": {"path":"F:\\web\\turclub_next\\tour-club-eva\\src\\features\\admin\\actions\\bookingStatus.ts","statementMap":{"0":{"start":{"line":20,"column":13},"end":{"line":20,"column":41}},"1":{"start":{"line":3,"column":23},"end":{"line":3,"column":null}},"2":{"start":{"line":4,"column":31},"end":{"line":4,"column":null}},"3":{"start":{"line":6,"column":30},"end":{"line":6,"column":null}},"4":{"start":{"line":7,"column":31},"end":{"line":7,"column":null}},"5":{"start":{"line":8,"column":32},"end":{"line":8,"column":null}},"6":{"start":{"line":10,"column":42},"end":{"line":10,"column":null}},"7":{"start":{"line":11,"column":43},"end":{"line":11,"column":null}},"8":{"start":{"line":20,"column":41},"end":{"line":188,"column":null}},"9":{"start":{"line":23,"column":53},"end":{"line":23,"column":67}},"10":{"start":{"line":25,"column":4},"end":{"line":187,"column":null}},"11":{"start":{"line":26,"column":22},"end":{"line":80,"column":null}},"12":{"start":{"line":27,"column":24},"end":{"line":30,"column":null}},"13":{"start":{"line":32,"column":8},"end":{"line":32,"column":null}},"14":{"start":{"line":32,"column":22},"end":{"line":32,"column":null}},"15":{"start":{"line":34,"column":29},"end":{"line":37,"column":null}},"16":{"start":{"line":42,"column":8},"end":{"line":64,"column":null}},"17":{"start":{"line":44,"column":10},"end":{"line":48,"column":null}},"18":{"start":{"line":45,"column":12},"end":{"line":45,"column":null}},"19":{"start":{"line":47,"column":12},"end":{"line":47,"column":null}},"20":{"start":{"line":49,"column":15},"end":{"line":64,"column":null}},"21":{"start":{"line":51,"column":10},"end":{"line":63,"column":null}},"22":{"start":{"line":52,"column":25},"end":{"line":52,"column":null}},"23":{"start":{"line":53,"column":12},"end":{"line":55,"column":null}},"24":{"start":{"line":54,"column":14},"end":{"line":54,"column":null}},"25":{"start":{"line":56,"column":12},"end":{"line":56,"column":null}},"26":{"start":{"line":58,"column":25},"end":{"line":58,"column":null}},"27":{"start":{"line":59,"column":12},"end":{"line":61,"column":null}},"28":{"start":{"line":60,"column":14},"end":{"line":60,"column":null}},"29":{"start":{"line":62,"column":12},"end":{"line":62,"column":null}},"30":{"start":{"line
[...]
umn":6},"end":{"line":231,"column":null}},"45":{"start":{"line":234,"column":24},"end":{"line":234,"column":null}},"46":{"start":{"line":235,"column":6},"end":{"line":235,"column":null}},"47":{"start":{"line":236,"column":6},"end":{"line":247,"column":null}},"48":{"start":{"line":250,"column":21},"end":{"line":258,"column":null}},"49":{"start":{"line":260,"column":4},"end":{"line":266,"column":null}},"50":{"start":{"line":261,"column":6},"end":{"line":265,"column":null}},"51":{"start":{"line":268,"column":16},"end":{"line":268,"column":null}},"52":{"start":{"line":271,"column":24},"end":{"line":271,"column":null}},"53":{"start":{"line":272,"column":24},"end":{"line":272,"column":null}},"54":{"start":{"line":273,"column":24},"end":{"line":273,"column":null}},"55":{"start":{"line":275,"column":4},"end":{"line":277,"column":null}},"56":{"start":{"line":276,"column":6},"end":{"line":276,"column":null}},"57":{"start":{"line":279,"column":4},"end":{"line":283,"column":null}},"58":{"start":{"line":294,"column":80},"end":{"line":294,"column":null}},"59":{"start":{"line":298,"column":4},"end":{"line":315,"column":null}},"60":{"start":{"line":299,"column":6},"end":{"line":306,"column":null}},"61":{"start":{"line":309,"column":6},"end":{"line":314,"column":null}},"62":{"start":{"line":317,"column":21},"end":{"line":317,"column":null}},"63":{"start":{"line":318,"column":4},"end":{"line":318,"column":null}}},"fnMap":{"0":{"name":"md5","decl":{"start":{"line":44,"column":9},"end":{"line":44,"column":13}},"loc":{"start":{"line":44,"column":24},"end":{"line":46,"column":null}}},"1":{"name":"extractTag","decl":{"start":{"line":48,"column":9},"end":{"line":48,"column":20}},"loc":{"start":{"line":48,"column":44},"end":{"line":51,"column":null}}},"2":{"name":"(anonymous_6)","decl":{"start":{"line":69,"column":2},"end":{"line":69,"column":null}},"loc":{"start":{"line":73,"column":28},"end":{"line":111,"column":null}}},"3":{"name":"(anonymous_7)","decl":{"start":{"line":121,"column":2},"end":{"line":121,"column":8}},"loc":{"start":{"line":121,"column":41},"end":{"line":189,"column":null}}},"4":{"name":"(anonymous_8)","decl":{"start":{"line":202,"column":2},"end":{"line":202,"column":8}},"loc":{"start":{"line":205,"column":16},"end":{"line":284,"column":null}}},"5":{"name":"(anonymous_9)","decl":{"start":{"line":293,"column":2},"end":{"line":293,"column":25}},"loc":{"start":{"line":293,"column":55},"end":{"line":319,"column":null}}}},"branchMap":{"0":{"loc":{"start":{"line":50,"column":9},"end":{"line":50,"column":null}},"type":"binary-expr","locations":[{"start":{"line":50,"column":9},"end":{"line":50,"column":31}},{"start":{"line":50,"column":31},"end":{"line":50,"column":null}}]},"1":{"loc":{"start":{"line":73,"column":4},"end":{"line":73,"column":28}},"type":"default-arg","locations":[{"start":{"line":73,"column":26},"end":{"line":73,"column":28}}]},"2":{"loc":{"start":{"line":149,"column":4},"end":{"line":151,"column":null}},"type":"if","locations":[{"start":{"line":149,"column":4},"end":{"line":151,"column":null}}]},"3":{"loc":{"start":{"line":157,"column":24},"end":{"line":157,"column":null}},"type":"cond-expr","locations":[{"start":{"line":157,"column":44},"end":{"line":157,"column":69}},{"start":{"line":157,"column":69},"end":{"line":157,"column":null}}]},"4":{"loc":{"start":{"line":162,"column":4},"end":{"line":167,"column":null}},"type":"if","locations":[{"start":{"line":162,"column":4},"end":{"line":167,"column":null}}]},"5":{"loc":{"start":{"line":162,"column":8},"end":{"line":162,"column":39}},"type":"binary-expr","locations":[{"start":{"line":162,"column":8},"end":{"line":162,"column":22}},{"start":{"line":162,"column":22},"end":{"line":162,"column":39}}]},"6":{"loc":{"start":{"line":173,"column":23},"end":{"line":173,"column":null}},"type":"binary-expr","locations":[{"start":{"line":173,"column":23},"end":{"line":173,"column":69}},{"start":{"line":173,"column":73},"end":{"line":173,"column":null}}]},"7":{"loc":{"start":{"line":179,"column":24},"end":{"line":179,"column":null}},"type":"binary-expr","locations":[{"start":{"line":179,"column":24},"end":{"line":179,"column":63}},{"start":{"line":179,"column":63},"end":{"line":179,"column":83}},{"start":{"line":179,"column":87},"end":{"line":179,"column":null}}]},"8":{"loc":{"start":{"line":184,"column":19},"end":{"line":184,"column":null}},"type":"cond-expr","locations":[{"start":{"line":184,"column":37},"end":{"line":184,"column":60}},{"start":{"line":184,"column":60},"end":{"line":184,"column":null}}]},"9":{"loc":{"start":{"line":217,"column":4},"end":{"line":248,"column":null}},"type":"if","locations":[{"start":{"line":217,"column":4},"end":{"line":248,"column":null}},{"start":{"line":232,"column":11},"end":{"line":248,"column":null}}]},"10":{"loc":{"start":{"line":260,"column":4},"end":{"line":266,"column":null}},"type":"if","locations":[{"start":{"line":260,"column":4},"end":{"line":266,"column":null}}]},"11":{"loc":{"start":{"line":275,"column":4},"end":{"line":277,"column":null}},"type":"if","locations":[{"start":{"line":275,"column":4},"end":{"line":277,"column":null}}]},"12":{"loc":{"start":{"line":281,"column":19},"end":{"line":281,"column":null}},"type":"cond-expr","locations":[{"start":{"line":281,"column":29},"end":{"line":281,"column":37}},{"start":{"line":281,"column":37},"end":{"line":281,"column":null}}]},"13":{"loc":{"start":{"line":281,"column":37},"end":{"line":281,"column":null}},"type":"binary-expr","locations":[{"start":{"line":281,"column":37},"end":{"line":281,"column":52}},{"start":{"line":281,"column":52},"end":{"line":281,"column":null}}]},"14":{"loc":{"start":{"line":298,"column":4},"end":{"line":315,"column":null}},"type":"if","locations":[{"start":{"line":298,"column":4},"end":{"line":315,"column":null}},{"start":{"line":307,"column":11},"end":{"line":315,"column":null}}]}},"s":{"0":0,"1":4,"2":2,"3":2,"4":2,"5":4,"6":0,"7":0,"8":2,"9":1,"10":1,"11":1,"12":1,"13":1,"14":1,"15":1,"16":1,"17":0,"18":0,"19":0,"20":0,"21":0,"22":0,"23":0,"24":0,"25":0,"26":0,"27":0,"28":0,"29":0,"30":0,"31":0,"32":0,"33":0,"34":0,"35":0,"36":0,"37":0,"38":0,"39":0,"40":0,"41":0,"42":0,"43":0,"44":0,"45":0,"46":0,"47":0,"48":0,"49":0,"50":0,"51":0,"52":0,"53":0,"54":0,"55":0,"56":0,"57":0,"58":3,"59":3,"60":2,"61":1,"62":3,"63":3},"f":{"0":4,"1":0,"2":1,"3":0,"4":0,"5":3},"b":{"0":[0,0],"1":[0],"2":[0],"3":[0,0],"4":[0],"5":[0,0],"6":[0,0],"7":[0,0,0],"8":[0,0],"9":[0,0],"10":[0],"11":[0],"12":[0,0],"13":[0,0],"14":[2,1]}}
,"F:\\web\\turclub_next\\tour-club-eva\\src\\lib\\constants\\levels.ts": {"path":"F:\\web\\turclub_next\\tour-club-eva\\src\\lib\\constants\\levels.ts","statementMap":{"0":{"start":{"line":18,"column":13},"end":{"line":18,"column":44}},"1":{"start":{"line":92,"column":16},"end":{"line":92,"column":31}},"2":{"start":{"line":97,"column":16},"end":{"line":97,"column":29}},"3":{"start":{"line":3,"column":70},"end":{"line":3,"column":null}},"4":{"start":{"line":18,"column":44},"end":{"line":89,"column":null}},"5":{"start":{"line":93,"column":2},"end":{"line":93,"column":null}},"6":{"start":{"line":93,"column":33},"end":{"line":93,"column":75}},"7":{"start":{"line":98,"column":2},"end":{"line":98,"column":null}}},"fnMap":{"0":{"name":"getLevelConfig","decl":{"start":{"line":92,"column":16},"end":{"line":92,"column":31}},"loc":{"start":{"line":92,"column":49},"end":{"line":94,"column":null}}},"1":{"name":"(anonymous_5)","decl":{"start":{"line":93,"column":28},"end":{"line":93,"column":33}},"loc":{"start":{"line":93,"column":33},"end":{"line":93,"column":75}}},"2":{"name":"getLevelName","decl":{"start":{"line":97,"column":16},"end":{"line":97,"column":29}},"loc":{"start":{"line":97,"column":47},"end":{"line":99,"column":null}}}},"branchMap":{"0":{"loc":{"start":{"line":93,"column":9},"end":{"line":93,"column":96}},"type":"binary-expr","locations":[{"start":{"line":93,"column":9},"end":{"line":93,"column":80}},{"start":{"line":93,"column":80},"end":{"line":93,"column":96}}]},"1":{"loc":{"start":{"line":93,"column":33},"end":{"line":93,"column":75}},"type":"binary-expr","locations":[{"start":{"line":93,"column":33},"end":{"line":93,"column":52}},{"start":{"line":93,"column":56},"end":{"line":93,"column":75}}]}},"s":{"0":0,"1":0,"2":0,"3":1,"4":1,"5":0,"6":0,"7":0},"f":{"0":0,"1":0,"2":0},"b":{"0":[0,0],"1":[0,0]}}
,"F:\\web\\turclub_next\\tour-club-eva\\src\\lib\\telegram\\notify.ts": {"path":"F:\\web\\turclub_next\\tour-club-eva\\src\\lib\\telegram\\notify.ts","statementMap":{"0":{"start":{"line":31,"column":22},"end":{"line":31,"column":null}},"1":{"start":{"line":97,"column":22},"end":{"line":97,"column":48}},"2":{"start":{"line":6,"column":22},"end":{"line":6,"column":42}},"3":{"start":{"line":2,"column":23},"end":{"line":2,"column":null}},"4":{"start":{"line":3,"column":32},"end":{"line":3,"column":null}},"5":{"start":{"line":7,"column":20},"end":{"line":7,"column":50}},"6":{"start":{"line":8,"column":2},"end":{"line":11,"column":null}},"7":{"start":{"line":9,"column":4},"end":{"line":9,"column":null}},"8":{"start":{"line":10,"column":4},"end":{"line":10,"column":null}},"9":{"start":{"line":13,"column":2},"end":{"line":26,"column":null}},"10":{"start":{"line":14,"column":4},"end":{"line":23,"column":null}},"11":{"start":{"line":25,"column":4},"end":{"line":25,"column":null}},"12":{"start":{"line":38,"column":24},"end":{"line":41,"column":null}},"13":{"start":{"line":44,"column":25},"end":{"line":47,"column":null}},"14":{"start":{"line":50,"column":24},"end":{"line":55,"column":8}},"15":{"start":{"line":57,"column":21},"end":{"line":61,"column":null}},"16":{"start":{"line":58,"column":30},"end":{"line":58,"column":40}},"17":{"start":{"line":59,"column":31},"end":{"line":59,"column":41}},"18":{"start":{"line":60,"column":30},"end":{"line":60,"column":40}},"19":{"start":{"line":63,"column":26},"end":{"line":63,"column":null}},"20":{"start":{"line":66,"column":2},"end":{"line":72,"column":null}},"21":{"start":{"line":67,"column":4},"end":{"line":71,"column":null}},"22":{"start":{"line":75,"column":29},"end":{"line":78,"column":null}},"23":{"start":{"line":76,"column":31},"end":{"line":76,"column":35}},"24":{"start":{"line":77,"column":30},"end":{"line":77,"column":34}},"25":{"start":{"line":80,"column":2},"end":{"line":85,"column":null}},"26":{"start":{"line":81,"column":4},"end":{"line":84,"column":null}},"27":{"start":{"line":88,"column":30},"end":{"line":88,"column":null}},"28":{"start":{"line":88,"column":56},"end":{"line":88,"column":66}},"29":{"start":{"line":88,"column":77},"end":{"line":88,"column":81}},"30":{"start":{"line":89,"column":2},"end":{"line":93,"column":null}},"31":{"start":{"line":90,"column":4},"end":{"line":92,"column":null}},"32":{"start":{"line":98,"column":19},"end":{"line":101,"column":null}},"33":{"start":{"line":103,"column":2},"end":{"line":103,"column":null}},"34":{"start":{"line":103,"column":29},"end":{"line":103,"column":null}},"35":{"start":{"line":105,"column":2},"end":{"line":116,"column":null}},"36":{"start":{"line":106,"column":4},"end":{"line":115,"column":null}},"37":{"start":{"line":107,"column":6},"end":{"line":114,"column":null}},"38":{"start":{"line":119,"column":30},"end":{"line":119,"column":null}},"39":{"start":{"line":119,"column":51},"end":{"line":119,"column":61}},"40":{"start":{"line":119,"column":72},"end":{"line":119,"column":76}},"41":{"start":{"line":120,"column":2},"end":{"line":124,"column":null}},"42":{"start":{"line":121,"column":4},"end":{"line":123,"column":null}}},"fnMap":{"0":{"name":"sendTelegramMessage","decl":{"start":{"line":6,"column":22},"end":{"line":6,"column":42}},"loc":{"start":{"line":6,"column":79},"end":{"line":27,"column":null}}},"1":{"name":"notifySubscribersOnNewDates","decl":{"start":{"line":31,"column":22},"end":{"line":31,"column":null}},"loc":{"start":{"line":35,"column":18},"end":{"line":94,"column":null}}},"2":{"name":"(anonymous_6)","decl":{"start":{"line":58,"column":25},"end":{"line":58,"column":30}},"loc":{"start":{"line":58,"column":30},"end":{"line":58,"column":40}}},"3":{"name":"(anonymous_7)","decl":{"start":{"line":59,"column":26},"end":{"line":59,"column":31}},"loc":{"start":{"line":59,"column":31},"end":{"line":59,"column":41}}},"4":{"name":"(anonymous_8)","decl":{"start":{"line":60,"column":25},"end":{"line":60,"column":30}},"loc":{"start":{"line":60,"column":30},"end":{"line":60,"column":40}}},"5":{"name":"(anonymous_9)","decl":{"start":{"line":76,"column":26},"end":{"line":76,"column":31}},"loc":{"start":{"line":76,"column":31},"end":{"line":76,"column":35}}},"6":{"name":"(anonymous_10)","decl":{"start":{"line":77,"column":25},"end":{"line":77,"column":30}},"loc":{"start":{"line":77,"column":30},"end":{"line":77,"column":34}}},"7":{"name":"(anonymous_11)","decl":{"start":{"line":88,"column":51},"end":{"line":88,"column":56}},"loc":{"start":{"line":88,"column":56},"end":{"line":88,"column":66}}},"8":{"name":"(anonymous_12)","decl":{"start":{"line":88,"column":72},"end":{"line":88,"column":77}},"loc":{"start":{"line":88,"column":77},"end":{"line":88,"column":81}}},"9":{"name":"notifyWaitlistOnSpotFreed","decl":{"start":{"line":97,"column":22},"end":{"line":97,"column":48}},"loc":{"start":{"line":97,"column":96},"end":{"line":125,"column":null}}},"10":{"name":"(anonymous_14)","decl":{"start":{"line":119,"column":46},"end":{"line":119,"column":51}},"loc":{"start":{"line":119,"column":51},"end":{"line":119,"column":61}}},"11":{"name":"(anonymous_15)","decl":{"start":{"line":119,"column":67},"end":{"line":119,"column":72}},"loc":{"start":{"line":119,"column":72},"end":{"line":119,"column":76}}}},"branchMap":{"0":{"loc":{"start":{"line":8,"column":2},"end":{"line":11,"column":null}},"type":"if","locations":[{"start":{"line":8,"column":2},"end":{"line":11,"column":null}}]},"1":{"loc":{"start":{"line":50,"column":24},"end":{"line":55,"column":8}},"type":"cond-expr","locations":[{"start":{"line":51,"column":6},"end":{"line":54,"column":null}},{"start":{"line":55,"column":6},"end":{"line":55,"column":8}}]},"2":{"loc":{"start":{"line":80,"column":2},"end":{"line":85,"column":null}},"type":"if","locations":[{"start":{"line":80,"column":2},"end":{"line":85,"column":null}}]},"3":{"loc":{"start":{"line":89,"column":2},"end":{"line":93,"column":null}},"type":"if","locations":[{"start":{"line":89,"column":2},"end":{"line":93,"column":null}}]},"4":{"loc":{"start":{"line":97,"column":64},"end":{"line":97,"column":96}},"type":"default-arg","locations":[{"start":{"line":97,"column":92},"end":{"line":97,"column":96}}]},"5":{"loc":{"start":{"line":103,"column":2},"end":{"line":103,"column":null}},"type":"if","locations":[{"start":{"line":103,"column":2},"end":{"line":103,"column":null}}]},"6":{"loc":{"start":{"line":106,"column":4},"end":{"line":115,"column":null}},"type":"if","locations":[{"start":{"line":106,"column":4},"end":{"line":115,"column":null}}]},"7":{"loc":{"start":{"line":120,"column":2},"end":{"line":124,"column":null}},"type":"if","locations":[{"start":{"line":120,"column":2},"end":{"line":124,"column":null}}]}},"s":{"0":0,"1":0,"2":0,"3":1,"4":1,"5":0,"6":0,"7":0,"8":0,"9":0,"10":0,"11":0,"12":0,"13":0,"14":0,"15":0,"16":0,"17":0,"18":0,"19":0,"20":0,"21":0,"22":0,"23":0,"24":0,"25":0,"26":0,"27":0,"28":0,"29":0,"30":0,"31":0,"32":0,"33":0,"34":0,"35":0,"36":0,"37":0,"38":0,"39":0,"40":0,"41":0,"42":0},"f":{"0":0,"1":0,"2":0,"3":0,"4":0,"5":0,"6":0,"7":0,"8":0,"9":0,"10":0,"11":0},"b":{"0":[0],"1":[0,0],"2":[0],"3":[0],"4":[0],"5":[0],"6":[0],"7":[0]}}
,"F:\\web\\turclub_next\\tour-club-eva\\src\\utils\\date.ts": {"path":"F:\\web\\turclub_next\\tour-club-eva\\src\\utils\\date.ts","statementMap":{"0":{"start":{"line":7,"column":16},"end":{"line":7,"column":31}},"1":{"start":{"line":46,"column":16},"end":{"line":46,"column":32}},"2":{"start":{"line":8,"column":2},"end":{"line":8,"column":null}},"3":{"start":{"line":8,"column":13},"end":{"line":8,"column":null}},"4":{"start":{"line":10,"column":16},"end":{"line":10,"column":null}},"5":{"start":{"line":13,"column":21},"end":{"line":13,"column":null}},"6":{"start":{"line":14,"column":20},"end":{"line":14,"column":null}},"7":{"start":{"line":17,"column":2},"end":{"line":19,"column":null}},"8":{"start":{"line":18,"column":4},"end":{"line":18,"column":null}},"9":{"start":{"line":21,"column":14},"end":{"line":21,"column":null}},"10":{"start":{"line":24,"column":2},"end":{"line":24,"column":null}},"11":{"start":{"line":24,"column":54},"end":{"line":24,"column":null}},"12":{"start":{"line":27,"column":2},"end":{"line":29,"column":null}},"13":{"start":{"line":28,"column":4},"end":{"line":28,"column":null}},"14":{"start":{"line":32,"column":2},"end":{"line":32,"column":null}},"15":{"start":{"line":48,"column":2},"end":{"line":48,"column":null}},"16":{"start":{"line":48,"column":21},"end":{"line":48,"column":null}},"17":{"start":{"line":51,"column":2},"end":{"line":63,"column":null}},"18":{"start":{"line":52,"column":18},"end":{"line":52,"column":null}},"19":{"start":{"line":53,"column":16},"end":{"line":53,"column":null}},"20":{"start":{"line":56,"column":21},"end":{"line":56,"column":null}},"21":{"start":{"line":57,"column":21},"end":{"line":57,"column":null}},"22":{"start":{"line":60,"column":21},"end":{"line":60,"column":null}},"23":{"start":{"line":62,"column":0},"end":{"line":62,"column":null}},"24":{"start":{"line":65,"column":2},"end":{"line":65,"column":null}}},"fnMap":{"0":{"name":"formatTourDate","decl":{"start":{"line":7,"column":16},"end":{"line":7,"column":31}},"loc":{"start":{"line":7,"column":82},"end":{"line":33,"column":null}}},"1":{"name":"getTourDuration","decl":{"start":{"line":46,"column":16},"end":{"line":46,"column":32}},"loc":{"start":{"line":46,"column":55},"end":{"line":66,"column":null}}}},"branchMap":{"0":{"loc":{"start":{"line":8,"column":2},"end":{"line":8,"column":null}},"type":"if","locations":[{"start":{"line":8,"column":2},"end":{"line":8,"column":null}}]},"1":{"loc":{"start":{"line":17,"column":2},"end":{"line":19,"column":null}},"type":"if","locations":[{"start":{"line":17,"column":2},"end":{"line":19,"column":null}}]},"2":{"loc":{"start":{"line":24,"column":2},"end":{"line":24,"column":null}},"type":"if","locations":[{"start":{"line":24,"column":2},"end":{"line":24,"column":null}}]},"3":{"loc":{"start":{"line":24,"column":6},"end":{"line":24,"column":54}},"type":"binary-expr","locations":[{"start":{"line":24,"column":6},"end":{"line":24,"column":32}},{"start":{"line":24,"column":32},"end":{"line":24,"column":54}}]},"4":{"loc":{"start":{"line":27,"column":2},"end":{"line":29,"column":null}},"type":"if","locations":[{"start":{"line":27,"column":2},"end":{"line":29,"column":null}}]},"5":{"loc":{"start":{"line":48,"column":2},"end":{"line":48,"column":null}},"type":"if","locations":[{"start":{"line":48,"column":2},"end":{"line":48,"column":null}}]},"6":{"loc":{"start":{"line":51,"column":2},"end":{"line":63,"column":null}},"type":"if","locations":[{"start":{"line":51,"column":2},"end":{"line":63,"column":null}}]},"7":{"loc":{"start":{"line":51,"column":6},"end":{"line":51,"column":31}},"type":"binary-expr","locations":[{"start":{"line":51,"column":6},"end":{"line":51,"column":15}},{"start":{"line":51,"column":19},"end":{"line":51,"column":31}}]},"8":{"loc":{"start":{"line":60,"column":21},"end":{"line":60,"column":null}},"type":"cond-expr","locations":[{"start":{"line":60,"column":36},"end":{"line":60,"column":40}},{"start":{"line":60,"column":40},"end":{"line":60,"column":null}}]},"9":{"loc":{"start":{"line":62,"column":7},"end":{"line":62,"column":54}},"type":"cond-expr","locations":[{"start":{"line":62,"column":25},"end":{"line":62,"column":36}},{"start":{"line":62,"column":36},"end":{"line":62,"column":54}}]}},"s":{"0":6,"1":5,"2":6,"3":1,"4":5,"5":5,"6":5,"7":5,"8":1,"9":4,"10":4,"11":1,"12":3,"13":1,"14":2,"15":5,"16":1,"17":4,"18":3,"19":3,"20":3,"21":3,"22":3,"23":3,"24":1},"f":{"0":6,"1":5},"b":{"0":[1],"1":[1],"2":[1],"3":[4,3],"4":[1],"5":[1],"6":[3],"7":[4,3],"8":[1,2],"9":[1,2]}}
}
