TN:
SF:src\app\api\cron\cancel-unpaid\route.ts
FN:20,handler
FN:60,(anonymous_4)
FN:76,(anonymous_5)
FN:138,(anonymous_6)
FN:139,(anonymous_7)
FN:147,(anonymous_8)
FNF:6
FNH:1
FNDA:1,handler
FNDA:0,(anonymous_4)
FNDA:0,(anonymous_5)
FNDA:0,(anonymous_6)
FNDA:0,(anonymous_7)
FNDA:0,(anonymous_8)
DA:2,1
DA:3,1
DA:4,1
DA:5,1
DA:6,1
DA:7,1
DA:8,1
DA:9,1
DA:10,1
DA:12,1
DA:13,1
DA:14,1
DA:16,1
DA:17,1
DA:21,1
DA:22,1
DA:23,1
DA:24,0
DA:27,1
DA:29,1
DA:47,1
DA:48,1
DA:51,1
DA:53,1
DA:54,0
DA:55,0
DA:56,0
DA:59,0
DA:60,0
DA:61,0
DA:63,0
DA:64,0
DA:66,0
DA:69,0
DA:72,0
DA:76,0
DA:77,0
DA:83,0
DA:84,0
DA:91,0
DA:92,0
DA:93,0
DA:98,0
DA:102,0
DA:103,0
DA:104,0
DA:105,0
DA:106,0
DA:107,0
DA:121,0
DA:122,0
DA:123,0
DA:128,0
DA:129,0
DA:133,0
DA:136,1
DA:137,0
DA:138,0
DA:139,0
DA:142,0
DA:149,0
DA:150,0
DA:153,1
DA:155,1
DA:163,0
DA:164,0
DA:168,1
DA:169,1
LF:68
LH:28
BRDA:23,0,0,0
BRDA:23,1,0,1
BRDA:23,1,1,0
BRDA:56,2,0,0
BRDA:56,2,1,0
BRDA:59,3,0,0
BRDA:59,3,1,0
BRDA:61,4,0,0
BRDA:61,4,1,0
BRDA:61,5,0,0
BRDA:61,5,1,0
BRDA:61,6,0,0
BRDA:61,6,1,0
BRDA:61,7,0,0
BRDA:61,7,1,0
BRDA:63,8,0,0
BRDA:63,8,1,0
BRDA:83,9,0,0
BRDA:83,9,1,0
BRDA:91,10,0,0
BRDA:102,11,0,0
BRDA:105,12,0,0
BRDA:106,13,0,0
BRDA:106,13,1,0
BRDA:121,14,0,0
BRDA:136,15,0,0
BRF:26
BRH:1
end_of_record
TN:
SF:src\app\api\cron\payment-report\route.ts
FN:6,GET
FN:32,(anonymous_2)
FNF:2
FNH:1
FNDA:2,GET
FNDA:0,(anonymous_2)
DA:2,1
DA:3,1
DA:4,1
DA:6,1
DA:7,2
DA:8,2
DA:9,1
DA:12,1
DA:14,1
DA:25,1
DA:26,1
DA:29,0
DA:30,0
DA:32,0
DA:33,0
DA:37,0
DA:38,0
DA:39,0
DA:40,0
DA:41,0
DA:42,0
DA:45,0
DA:46,0
DA:48,0
DA:50,0
DA:52,0
DA:53,0
LF:27
LH:11
BRDA:8,0,0,1
BRDA:25,1,0,1
BRDA:33,2,0,0
BRDA:33,2,1,0
BRDA:41,3,0,0
BRDA:41,3,1,0
BRDA:46,4,0,0
BRF:7
BRH:2
end_of_record
TN:
SF:src\app\api\cron\post-tour-reviews\route.ts
FN:11,sendGuestReviewRequest
FN:34,updateMemberStats
FN:72,GET
FN:136,(anonymous_4)
FNF:4
FNH:1
FNDA:0,sendGuestReviewRequest
FNDA:0,updateMemberStats
FNDA:2,GET
FNDA:0,(anonymous_4)
DA:1,1
DA:2,1
DA:3,1
DA:4,1
DA:5,1
DA:12,0
DA:13,0
DA:15,0
DA:36,0
DA:37,0
DA:51,0
DA:56,0
DA:59,0
DA:60,0
DA:61,0
DA:68,0
DA:72,1
DA:73,2
DA:75,2
DA:76,2
DA:77,1
DA:81,1
DA:82,1
DA:83,1
DA:85,1
DA:86,1
DA:92,1
DA:105,1
DA:107,1
DA:109,0
DA:112,0
DA:113,0
DA:117,0
DA:118,0
DA:119,0
DA:122,0
DA:123,0
DA:128,0
DA:129,0
DA:130,0
DA:132,0
DA:133,0
DA:136,0
DA:137,0
DA:138,0
DA:140,0
DA:152,0
DA:154,0
DA:162,0
DA:164,0
DA:167,0
DA:174,0
DA:175,0
LF:53
LH:18
BRDA:56,0,0,0
BRDA:59,1,0,0
BRDA:76,2,0,1
BRDA:76,3,0,2
BRDA:76,3,1,2
BRDA:109,4,0,0
BRDA:109,5,0,0
BRDA:109,5,1,0
BRDA:112,6,0,0
BRDA:118,7,0,0
BRDA:118,7,1,0
BRDA:122,8,0,0
BRDA:128,9,0,0
BRDA:130,10,0,0
BRDA:130,10,1,0
BRDA:132,11,0,0
BRDA:132,11,1,0
BRDA:133,12,0,0
BRDA:133,12,1,0
BRDA:138,13,0,0
BRDA:138,13,1,0
BRDA:148,14,0,0
BRDA:148,14,1,0
BRDA:149,15,0,0
BRDA:149,15,1,0
BRDA:149,16,0,0
BRDA:149,16,1,0
BRDA:152,17,0,0
BRF:28
BRH:3
end_of_record
TN:
SF:src\app\api\cron\reminders\route.ts
FN:10,GET
FN:22,(anonymous_2)
FN:82,(anonymous_3)
FN:83,(anonymous_4)
FNF:4
FNH:0
FNDA:0,GET
FNDA:0,(anonymous_2)
FNDA:0,(anonymous_3)
FNDA:0,(anonymous_4)
DA:2,1
DA:3,1
DA:4,1
DA:5,1
DA:6,1
DA:8,1
DA:10,1
DA:11,0
DA:13,0
DA:14,0
DA:15,0
DA:18,0
DA:19,0
DA:22,0
DA:23,0
DA:24,0
DA:25,0
DA:26,0
DA:27,0
DA:30,0
DA:31,0
DA:34,0
DA:46,0
DA:49,0
DA:51,0
DA:53,0
DA:55,0
DA:56,0
DA:59,0
DA:61,0
DA:64,0
DA:66,0
DA:82,0
DA:84,0
DA:87,0
DA:93,0
DA:94,0
DA:97,0
DA:104,0
DA:105,0
LF:40
LH:7
BRDA:14,0,0,0
BRDA:14,1,0,0
BRDA:14,1,1,0
BRDA:53,2,0,0
BRDA:53,3,0,0
BRDA:53,3,1,0
BRDA:56,4,0,0
BRDA:56,4,1,0
BRDA:64,5,0,0
BRDA:73,6,0,0
BRDA:73,6,1,0
BRDA:93,7,0,0
BRF:12
BRH:0
end_of_record
TN:
SF:src\app\api\cron\rollover\route.ts
FN:14,handler
FN:49,(anonymous_4)
FN:62,(anonymous_5)
FN:80,(anonymous_6)
FN:107,(anonymous_7)
FNF:5
FNH:5
FNDA:1,handler
FNDA:1,(anonymous_4)
FNDA:1,(anonymous_5)
FNDA:1,(anonymous_6)
FNDA:1,(anonymous_7)
DA:2,1
DA:3,1
DA:4,1
DA:5,1
DA:6,1
DA:7,1
DA:9,1
DA:10,1
DA:11,1
DA:15,1
DA:19,1
DA:20,1
DA:21,0
DA:28,1
DA:33,1
DA:45,1
DA:47,1
DA:48,1
DA:49,1
DA:52,1
DA:55,1
DA:56,1
DA:60,1
DA:61,1
DA:62,1
DA:63,1
DA:74,1
DA:80,1
DA:87,1
DA:88,1
DA:89,0
DA:90,0
DA:97,1
DA:98,1
DA:101,1
DA:103,1
DA:107,1
DA:111,0
DA:112,0
DA:117,1
DA:118,1
LF:41
LH:36
BRDA:20,0,0,0
BRDA:20,1,0,1
BRDA:20,1,1,0
BRDA:47,2,0,1
BRDA:61,3,0,1
BRF:5
BRH:3
end_of_record
TN:
SF:src\app\api\cron\sales-bot\route.ts
FN:10,GET
FN:90,(anonymous_2)
FN:163,(anonymous_3)
FN:181,(anonymous_4)
FNF:4
FNH:2
FNDA:2,GET
FNDA:0,(anonymous_2)
FNDA:1,(anonymous_3)
FNDA:0,(anonymous_4)
DA:1,1
DA:2,1
DA:3,1
DA:4,1
DA:5,1
DA:6,1
DA:8,1
DA:10,1
DA:11,2
DA:13,2
DA:14,2
DA:15,1
DA:18,1
DA:19,1
DA:21,1
DA:22,1
DA:23,1
DA:28,1
DA:29,1
DA:31,1
DA:32,1
DA:34,1
DA:46,1
DA:47,1
DA:49,0
DA:57,0
DA:58,0
DA:59,0
DA:61,0
DA:62,0
DA:63,0
DA:64,0
DA:66,0
DA:67,0
DA:69,0
DA:81,0
DA:92,0
DA:94,0
DA:100,0
DA:108,1
DA:109,1
DA:111,1
DA:112,1
DA:114,1
DA:126,1
DA:127,0
DA:129,0
DA:130,0
DA:132,0
DA:133,0
DA:134,0
DA:136,0
DA:137,0
DA:138,0
DA:139,0
DA:140,0
DA:141,0
DA:144,0
DA:154,0
DA:158,1
DA:159,0
DA:163,1
DA:164,1
DA:169,1
DA:177,0
DA:178,0
DA:181,0
DA:182,0
DA:187,0
LF:69
LH:34
BRDA:14,0,0,1
BRDA:14,1,0,2
BRDA:14,1,1,2
BRDA:47,2,0,1
BRDA:47,3,0,1
BRDA:47,3,1,1
BRDA:57,4,0,0
BRDA:61,5,0,0
BRDA:62,6,0,0
BRDA:62,6,1,0
BRDA:95,7,0,0
BRDA:95,7,1,0
BRDA:127,8,0,0
BRDA:132,9,0,0
BRDA:133,10,0,0
BRDA:133,10,1,0
BRDA:136,11,0,0
BRDA:136,11,1,0
BRDA:138,12,0,0
BRDA:138,12,1,0
BRDA:140,13,0,0
BRDA:158,14,0,0
BRF:22
BRH:6
end_of_record
TN:
SF:src\app\api\webhooks\telegram\route.ts
FN:23,(anonymous_1)
FN:25,POST
FN:147,(anonymous_3)
FN:209,(anonymous_4)
FN:281,(anonymous_5)
FN:392,(anonymous_6)
FN:426,(anonymous_7)
FN:440,sendMessage
FN:449,editAdminMessage
FN:464,sendModerationRequest
FN:499,answerCallbackQuery
FN:508,getTelegramFileUrl
FN:516,uploadToCloudinary
FN:542,editClientMessage
FN:558,answerClientCallbackQuery
FNF:15
FNH:5
FNDA:1,(anonymous_1)
FNDA:1,POST
FNDA:1,(anonymous_3)
FNDA:0,(anonymous_4)
FNDA:0,(anonymous_5)
FNDA:0,(anonymous_6)
FNDA:0,(anonymous_7)
FNDA:0,sendMessage
FNDA:1,editAdminMessage
FNDA:0,sendModerationRequest
FNDA:1,answerCallbackQuery
FNDA:0,getTelegramFileUrl
FNDA:0,uploadToCloudinary
FNDA:0,editClientMessage
FNDA:0,answerClientCallbackQuery
DA:1,1
DA:2,1
DA:3,1
DA:4,1
DA:5,1
DA:6,1
DA:7,1
DA:8,1
DA:9,1
DA:10,1
DA:13,1
DA:16,1
DA:23,1
DA:25,1
DA:26,1
DA:28,1
DA:29,1
DA:30,0
DA:31,0
DA:35,1
DA:36,1
DA:37,1
DA:38,0
DA:39,0
DA:42,1
DA:47,1
DA:48,1
DA:49,1
DA:53,1
DA:55,1
DA:56,0
DA:57,0
DA:63,1
DA:64,1
DA:65,1
DA:70,1
DA:71,0
DA:72,0
DA:73,0
DA:74,0
DA:77,0
DA:80,0
DA:81,0
DA:82,0
DA:83,0
DA:89,1
DA:90,0
DA:91,0
DA:93,0
DA:94,0
DA:95,0
DA:97,0
DA:98,0
DA:99,0
DA:101,0
DA:103,0
DA:104,0
DA:105,0
DA:107,0
DA:108,0
DA:110,0
DA:113,0
DA:114,0
DA:118,1
DA:119,1
DA:120,1
DA:121,1
DA:123,1
DA:124,1
DA:128,1
DA:134,1
DA:135,0
DA:136,0
DA:140,1
DA:144,1
DA:147,1
DA:148,1
DA:155,1
DA:160,1
DA:161,1
DA:174,0
DA:176,0
DA:177,0
DA:178,0
DA:179,0
DA:180,0
DA:183,1
DA:185,0
DA:186,0
DA:190,0
DA:196,0
DA:197,0
DA:198,0
DA:202,0
DA:209,0
DA:210,0
DA:216,0
DA:221,0
DA:222,0
DA:231,0
DA:233,0
DA:234,0
DA:237,0
DA:240,1
DA:243,0
DA:246,1
DA:249,0
DA:251,0
DA:252,0
DA:257,0
DA:260,0
DA:261,0
DA:266,0
DA:268,0
DA:281,0
DA:282,0
DA:289,0
DA:292,0
DA:295,0
DA:297,0
DA:305,0
DA:310,0
DA:312,0
DA:315,0
DA:316,0
DA:320,0
DA:321,0
DA:322,0
DA:325,0
DA:326,0
DA:327,0
DA:330,0
DA:335,0
DA:336,0
DA:340,0
DA:341,0
DA:344,0
DA:350,0
DA:351,0
DA:354,0
DA:363,0
DA:364,0
DA:365,0
DA:368,0
DA:370,0
DA:374,0
DA:376,0
DA:377,0
DA:378,0
DA:381,0
DA:392,0
DA:393,0
DA:399,0
DA:402,0
DA:413,0
DA:414,0
DA:416,0
DA:419,0
DA:422,0
DA:423,0
DA:426,0
DA:427,0
DA:432,0
DA:441,0
DA:442,0
DA:450,1
DA:451,1
DA:465,0
DA:468,0
DA:469,0
DA:471,0
DA:483,0
DA:484,0
DA:487,0
DA:488,0
DA:489,0
DA:492,0
DA:500,1
DA:501,1
DA:509,0
DA:510,0
DA:511,0
DA:512,0
DA:513,0
DA:517,0
DA:518,0
DA:520,0
DA:521,0
DA:522,0
DA:525,0
DA:526,0
DA:527,0
DA:530,0
DA:535,0
DA:536,0
DA:538,0
DA:543,0
DA:544,0
DA:559,0
DA:560,0
LF:200
LH:53
BRDA:28,0,0,1
BRDA:28,0,1,0
BRDA:29,1,0,0
BRDA:29,2,0,1
BRDA:29,2,1,1
BRDA:35,3,0,1
BRDA:35,3,1,1
BRDA:37,4,0,0
BRDA:48,5,0,1
BRDA:55,6,0,0
BRDA:63,7,0,1
BRDA:65,8,0,0
BRDA:70,9,0,0
BRDA:74,10,0,0
BRDA:74,10,1,0
BRDA:89,11,0,0
BRDA:89,12,0,1
BRDA:89,12,1,1
BRDA:91,13,0,0
BRDA:91,13,1,0
BRDA:95,14,0,0
BRDA:95,14,1,0
BRDA:97,15,0,0
BRDA:97,15,1,0
BRDA:103,16,0,0
BRDA:103,16,1,0
BRDA:103,17,0,0
BRDA:103,17,1,0
BRDA:118,18,0,1
BRDA:118,18,1,0
BRDA:118,19,0,1
BRDA:118,19,1,0
BRDA:121,20,0,1
BRDA:121,20,1,0
BRDA:121,21,0,0
BRDA:121,21,1,0
BRDA:123,22,0,1
BRDA:123,22,1,0
BRDA:134,23,0,0
BRDA:144,24,0,0
BRDA:160,25,0,1
BRDA:160,25,1,0
BRDA:169,26,0,1
BRDA:169,26,1,1
BRDA:174,27,0,0
BRDA:176,28,0,0
BRDA:176,28,1,0
BRDA:176,28,2,0
BRDA:177,29,0,0
BRDA:177,29,1,0
BRDA:178,30,0,0
BRDA:178,30,1,0
BRDA:185,31,0,0
BRDA:196,32,0,0
BRDA:221,33,0,0
BRDA:221,33,1,0
BRDA:231,34,0,0
BRDA:249,35,0,0
BRDA:252,36,0,0
BRDA:252,36,1,0
BRDA:260,37,0,0
BRDA:260,38,0,0
BRDA:260,38,1,0
BRDA:260,38,2,0
BRDA:266,39,0,0
BRDA:310,40,0,0
BRDA:315,41,0,0
BRDA:320,42,0,0
BRDA:325,43,0,0
BRDA:335,44,0,0
BRDA:335,44,1,0
BRDA:335,45,0,0
BRDA:335,45,1,0
BRDA:340,46,0,0
BRDA:350,47,0,0
BRDA:350,48,0,0
BRDA:350,48,1,0
BRDA:363,49,0,0
BRDA:370,50,0,0
BRDA:370,50,1,0
BRDA:374,51,0,0
BRDA:399,52,0,0
BRDA:399,52,1,0
BRDA:399,53,0,0
BRDA:399,53,1,0
BRDA:469,54,0,0
BRDA:469,54,1,0
BRDA:483,55,0,0
BRDA:483,55,1,0
BRDA:487,56,0,0
BRDA:487,56,1,0
BRDA:488,57,0,0
BRDA:512,58,0,0
BRDA:520,59,0,0
BRDA:520,60,0,0
BRDA:520,60,1,0
BRDA:536,61,0,0
BRF:97
BRH:16
end_of_record
TN:
SF:src\features\admin\actions\bookingStatus.ts
FN:23,(anonymous_1)
FN:24,(anonymous_2)
FN:26,(anonymous_3)
FN:134,(anonymous_4)
FNF:4
FNH:3
FNDA:1,(anonymous_1)
FNDA:3,(anonymous_2)
FNDA:3,(anonymous_3)
FNDA:0,(anonymous_4)
DA:3,2
DA:4,2
DA:6,2
DA:7,2
DA:8,2
DA:10,2
DA:11,2
DA:20,3
DA:23,1
DA:25,3
DA:26,3
DA:27,3
DA:32,3
DA:34,3
DA:42,3
DA:44,1
DA:45,0
DA:47,1
DA:49,2
DA:51,1
DA:52,1
DA:53,1
DA:54,0
DA:56,1
DA:58,0
DA:59,0
DA:60,0
DA:62,0
DA:69,3
DA:85,3
DA:86,1
DA:88,1
DA:90,0
DA:91,0
DA:92,1
DA:93,0
DA:94,0
DA:97,1
DA:98,1
DA:117,2
DA:121,0
DA:122,0
DA:123,0
DA:124,0
DA:126,0
DA:127,0
DA:129,0
DA:131,0
DA:132,0
DA:133,0
DA:134,0
DA:135,0
DA:136,0
DA:138,0
DA:139,0
DA:142,0
DA:143,0
DA:145,0
DA:146,0
DA:150,0
DA:151,0
DA:152,0
DA:154,0
DA:155,0
DA:156,0
DA:159,0
DA:160,0
DA:163,0
DA:164,0
DA:174,3
DA:175,1
DA:178,3
DA:179,3
DA:180,3
DA:182,3
DA:184,0
DA:185,0
DA:186,0
LF:78
LH:36
BRDA:32,0,0,0
BRDA:34,1,0,3
BRDA:34,1,1,1
BRDA:35,2,0,3
BRDA:35,2,1,2
BRDA:36,3,0,3
BRDA:36,3,1,3
BRDA:37,4,0,3
BRDA:37,4,1,3
BRDA:42,5,0,1
BRDA:42,5,1,2
BRDA:42,6,0,3
BRDA:42,6,1,1
BRDA:44,7,0,0
BRDA:44,7,1,1
BRDA:49,8,0,1
BRDA:49,9,0,2
BRDA:49,9,1,1
BRDA:51,10,0,1
BRDA:51,10,1,0
BRDA:53,11,0,0
BRDA:53,12,0,1
BRDA:53,12,1,1
BRDA:59,13,0,0
BRDA:59,14,0,0
BRDA:59,14,1,0
BRDA:73,15,0,0
BRDA:73,15,1,3
BRDA:73,16,0,3
BRDA:73,16,1,3
BRDA:74,17,0,2
BRDA:74,17,1,1
BRDA:75,18,0,2
BRDA:75,18,1,1
BRDA:76,19,0,0
BRDA:76,19,1,3
BRDA:76,20,0,3
BRDA:76,20,1,0
BRDA:85,21,0,1
BRDA:85,21,1,2
BRDA:88,22,0,0
BRDA:88,22,1,0
BRDA:88,22,2,0
BRDA:88,22,3,1
BRDA:88,22,4,0
BRDA:88,22,5,0
BRDA:97,23,0,1
BRDA:109,24,0,1
BRDA:109,24,1,1
BRDA:117,25,0,0
BRDA:121,26,0,0
BRDA:121,26,1,0
BRDA:121,26,2,0
BRDA:122,27,0,0
BRDA:122,27,1,0
BRDA:129,28,0,0
BRDA:129,28,1,0
BRDA:129,28,2,0
BRDA:129,28,3,0
BRDA:133,29,0,0
BRDA:133,29,1,0
BRDA:133,30,0,0
BRDA:133,30,1,0
BRDA:135,31,0,0
BRDA:138,32,0,0
BRDA:142,33,0,0
BRDA:151,34,0,0
BRDA:163,35,0,0
BRDA:167,36,0,0
BRDA:167,36,1,0
BRDA:174,37,0,1
BRDA:186,38,0,0
BRDA:186,38,1,0
BRF:73
BRH:35
end_of_record
TN:
SF:src\features\admin\actions\telegramInteractive.ts
FN:21,answerCallbackQuery
FN:29,editMessageReplyMarkup
FN:40,handleTelegramCallback
FNF:3
FNH:0
FNDA:0,answerCallbackQuery
FNDA:0,editMessageReplyMarkup
FNDA:0,handleTelegramCallback
DA:1,1
DA:2,1
DA:22,0
DA:30,0
DA:40,0
DA:41,0
DA:42,0
DA:44,0
DA:45,0
DA:46,0
DA:47,0
DA:49,0
DA:50,0
DA:53,0
DA:57,0
DA:58,0
DA:59,0
DA:63,0
DA:67,0
DA:71,0
DA:72,0
DA:73,0
DA:77,0
DA:81,0
DA:82,0
DA:85,0
DA:88,0
DA:89,0
LF:28
LH:2
BRDA:29,0,0,0
BRDA:42,1,0,0
BRDA:47,2,0,0
BRDA:47,2,1,0
BRDA:47,2,2,0
BRDA:50,3,0,0
BRDA:50,3,1,0
BRDA:50,3,2,0
BRDA:50,3,3,0
BRDA:58,4,0,0
BRDA:58,5,0,0
BRDA:58,5,1,0
BRDA:72,6,0,0
BRDA:72,7,0,0
BRDA:72,7,1,0
BRF:15
BRH:0
end_of_record
TN:
SF:src\features\admin\actions\tour.ts
FN:25,(anonymous_9)
FN:26,(anonymous_10)
FN:49,(anonymous_11)
FN:66,(anonymous_12)
FN:130,(anonymous_13)
FN:195,(anonymous_14)
FN:231,getActiveGuides
FN:251,(anonymous_16)
FN:252,(anonymous_17)
FN:281,(anonymous_18)
FN:282,(anonymous_19)
FN:340,(anonymous_20)
FN:380,(anonymous_21)
FNF:13
FNH:8
FNDA:0,(anonymous_9)
FNDA:2,(anonymous_10)
FNDA:1,(anonymous_11)
FNDA:1,(anonymous_12)
FNDA:0,(anonymous_13)
FNDA:1,(anonymous_14)
FNDA:0,getActiveGuides
FNDA:0,(anonymous_16)
FNDA:1,(anonymous_17)
FNDA:0,(anonymous_18)
FNDA:2,(anonymous_19)
FNDA:1,(anonymous_20)
FNDA:1,(anonymous_21)
DA:4,1
DA:5,1
DA:6,1
DA:7,1
DA:8,1
DA:12,1
DA:13,1
DA:22,2
DA:25,0
DA:27,2
DA:31,2
DA:49,1
DA:56,2
DA:57,2
DA:58,0
DA:59,0
DA:62,2
DA:63,2
DA:66,2
DA:77,2
DA:124,2
DA:125,2
DA:127,2
DA:130,0
DA:133,0
DA:141,0
DA:149,0
DA:150,0
DA:160,0
DA:161,0
DA:166,0
DA:173,2
DA:174,2
DA:175,0
DA:176,0
DA:177,0
DA:178,0
DA:179,0
DA:181,0
DA:182,0
DA:185,2
DA:191,2
DA:195,2
DA:197,2
DA:198,1
DA:199,1
DA:206,0
DA:211,2
DA:212,2
DA:213,2
DA:214,2
DA:215,2
DA:217,2
DA:219,0
DA:220,0
DA:221,0
DA:231,0
DA:232,0
DA:233,0
DA:238,0
DA:240,0
DA:241,0
DA:248,1
DA:251,0
DA:253,1
DA:254,1
DA:256,1
DA:261,0
DA:262,0
DA:263,0
DA:264,0
DA:265,0
DA:267,1
DA:268,1
DA:269,1
DA:277,2
DA:281,0
DA:283,2
DA:284,2
DA:289,2
DA:307,0
DA:309,0
DA:310,0
DA:311,0
DA:313,0
DA:317,0
DA:318,0
DA:319,0
DA:320,0
DA:322,2
DA:323,2
DA:324,2
DA:340,1
DA:341,1
DA:342,1
DA:343,1
DA:344,1
DA:346,1
DA:347,1
DA:348,1
DA:351,1
DA:352,1
DA:353,1
DA:354,0
DA:355,0
DA:356,0
DA:357,0
DA:358,0
DA:359,0
DA:360,0
DA:361,0
DA:364,1
DA:380,1
DA:381,1
DA:383,1
LF:115
LH:63
BRDA:33,0,0,2
BRDA:33,0,1,0
BRDA:34,1,0,2
BRDA:34,1,1,0
BRDA:34,1,2,0
BRDA:35,2,0,2
BRDA:35,2,1,2
BRDA:36,3,0,2
BRDA:36,3,1,2
BRDA:37,4,0,2
BRDA:37,4,1,2
BRDA:38,5,0,2
BRDA:38,5,1,2
BRDA:39,6,0,2
BRDA:39,6,1,2
BRDA:40,7,0,2
BRDA:40,7,1,0
BRDA:41,8,0,2
BRDA:41,8,1,2
BRDA:41,8,2,2
BRDA:42,9,0,2
BRDA:42,9,1,2
BRDA:43,10,0,2
BRDA:43,10,1,2
BRDA:44,11,0,2
BRDA:44,11,1,2
BRDA:46,12,0,0
BRDA:46,12,1,2
BRDA:47,13,0,0
BRDA:47,13,1,2
BRDA:49,14,0,2
BRDA:49,14,1,0
BRDA:51,15,0,0
BRDA:51,15,1,1
BRDA:57,16,0,0
BRDA:63,17,0,2
BRDA:63,17,1,2
BRDA:68,18,0,0
BRDA:68,18,1,1
BRDA:69,19,0,1
BRDA:69,19,1,1
BRDA:70,20,0,1
BRDA:70,20,1,1
BRDA:71,21,0,1
BRDA:71,21,1,1
BRDA:80,22,0,2
BRDA:80,22,1,2
BRDA:82,23,0,2
BRDA:82,23,1,0
BRDA:84,24,0,2
BRDA:84,24,1,2
BRDA:87,25,0,2
BRDA:87,25,1,2
BRDA:88,26,0,2
BRDA:88,26,1,2
BRDA:89,27,0,2
BRDA:89,27,1,0
BRDA:90,28,0,2
BRDA:90,28,1,2
BRDA:95,29,0,2
BRDA:95,29,1,2
BRDA:96,30,0,2
BRDA:96,30,1,2
BRDA:97,31,0,2
BRDA:97,31,1,2
BRDA:98,32,0,2
BRDA:98,32,1,2
BRDA:101,33,0,2
BRDA:101,33,1,2
BRDA:103,34,0,2
BRDA:103,34,1,2
BRDA:111,35,0,2
BRDA:111,35,1,2
BRDA:112,36,0,2
BRDA:112,36,1,2
BRDA:113,37,0,2
BRDA:113,37,1,2
BRDA:114,38,0,2
BRDA:114,38,1,2
BRDA:115,39,0,0
BRDA:115,39,1,2
BRDA:116,40,0,0
BRDA:116,40,1,2
BRDA:117,41,0,2
BRDA:117,41,1,2
BRDA:118,42,0,2
BRDA:118,42,1,2
BRDA:119,43,0,2
BRDA:119,43,1,2
BRDA:120,44,0,2
BRDA:120,44,1,2
BRDA:121,45,0,2
BRDA:121,45,1,2
BRDA:127,46,0,0
BRDA:127,46,1,2
BRDA:144,47,0,0
BRDA:144,47,1,0
BRDA:152,48,0,0
BRDA:152,48,1,0
BRDA:153,49,0,0
BRDA:153,49,1,0
BRDA:154,50,0,0
BRDA:154,50,1,0
BRDA:155,51,0,0
BRDA:155,51,1,0
BRDA:160,52,0,0
BRDA:160,52,1,0
BRDA:174,53,0,0
BRDA:197,54,0,1
BRDA:197,55,0,2
BRDA:197,55,1,1
BRDA:201,56,0,1
BRDA:201,56,1,0
BRDA:263,57,0,0
BRDA:307,58,0,0
BRDA:307,58,1,0
BRDA:309,59,0,0
BRDA:341,60,0,0
BRDA:341,61,0,1
BRDA:347,62,0,1
BRDA:351,63,0,1
BRDA:351,63,1,0
BRDA:354,64,0,0
BRDA:354,64,1,0
BRDA:357,65,0,0
BRDA:357,65,1,0
BRDA:359,66,0,0
BRF:127
BRH:87
end_of_record
TN:
SF:src\features\admin\components\TourForm\schema.ts
FNF:0
FNH:0
DA:2,1
DA:4,1
DA:9,1
DA:15,2
LF:4
LH:4
BRF:0
BRH:0
end_of_record
TN:
SF:src\features\inquiries\actions.ts
FN:12,escapeHtml
FN:21,submitInquiry
FNF:2
FNH:2
FNDA:23,escapeHtml
FNDA:8,submitInquiry
DA:4,1
DA:5,1
DA:7,1
DA:8,1
DA:9,1
DA:13,23
DA:14,23
DA:21,8
DA:23,8
DA:24,8
DA:25,8
DA:27,8
DA:28,1
DA:34,0
DA:38,7
DA:40,7
DA:41,1
DA:45,6
DA:46,6
DA:47,1
DA:50,5
DA:53,5
DA:54,5
DA:56,5
DA:58,2
DA:59,2
DA:60,2
DA:62,1
DA:67,1
DA:68,1
DA:70,0
DA:71,0
DA:72,0
DA:74,1
DA:75,1
DA:76,1
DA:78,1
DA:79,1
DA:80,1
DA:82,0
DA:83,0
DA:88,5
DA:100,5
DA:109,5
DA:115,5
DA:117,5
DA:118,1
DA:119,4
DA:120,1
DA:121,3
DA:122,1
DA:124,2
DA:127,5
DA:128,1
DA:132,5
DA:135,5
DA:148,5
DA:149,0
DA:154,5
DA:157,0
DA:158,0
LF:61
LH:52
BRDA:13,0,0,0
BRDA:27,1,0,1
BRDA:40,2,0,1
BRDA:46,3,0,1
BRDA:56,4,0,2
BRDA:56,4,1,1
BRDA:56,4,2,0
BRDA:56,4,3,1
BRDA:56,4,4,1
BRDA:56,4,5,0
BRDA:92,5,0,5
BRDA:92,5,1,0
BRDA:93,6,0,5
BRDA:93,6,1,1
BRDA:110,7,0,5
BRDA:110,7,1,0
BRDA:111,8,0,4
BRDA:111,8,1,1
BRDA:117,9,0,1
BRDA:117,9,1,4
BRDA:119,10,0,1
BRDA:119,10,1,3
BRDA:119,11,0,4
BRDA:119,11,1,2
BRDA:121,12,0,1
BRDA:121,12,1,2
BRDA:127,13,0,1
BRDA:127,14,0,5
BRDA:127,14,1,1
BRDA:132,15,0,1
BRDA:132,15,1,4
BRDA:148,16,0,0
BRF:32
BRH:26
end_of_record
TN:
SF:src\features\inquiries\schema.ts
FN:80,(anonymous_4)
FNF:1
FNH:1
FNDA:6,(anonymous_4)
DA:1,1
DA:7,1
DA:8,1
DA:13,1
DA:24,1
DA:30,1
DA:40,1
DA:47,1
DA:53,1
DA:58,1
DA:67,1
DA:79,6
DA:80,6
DA:90,0
LF:14
LH:13
BRDA:80,0,0,6
BRDA:80,0,1,1
BRF:2
BRH:2
end_of_record
TN:
SF:src\features\tours\api.ts
FN:17,(anonymous_8)
FN:20,(anonymous_9)
FN:29,getNearestFutureDate
FN:35,(anonymous_11)
FN:43,(anonymous_12)
FN:49,(anonymous_13)
FN:56,mapPrismaTourToFrontend
FN:57,(anonymous_15)
FN:171,mapPrismaTourToPreview
FN:204,isTourRelevant
FN:214,(anonymous_18)
FN:231,(anonymous_19)
FN:262,(anonymous_20)
FN:270,(anonymous_21)
FN:295,(anonymous_22)
FN:303,(anonymous_23)
FN:322,(anonymous_24)
FN:350,(anonymous_25)
FN:358,getAllTours
FN:378,getGuides
FNF:20
FNH:0
FNDA:0,(anonymous_8)
FNDA:0,(anonymous_9)
FNDA:0,getNearestFutureDate
FNDA:0,(anonymous_11)
FNDA:0,(anonymous_12)
FNDA:0,(anonymous_13)
FNDA:0,mapPrismaTourToFrontend
FNDA:0,(anonymous_15)
FNDA:0,mapPrismaTourToPreview
FNDA:0,isTourRelevant
FNDA:0,(anonymous_18)
FNDA:0,(anonymous_19)
FNDA:0,(anonymous_20)
FNDA:0,(anonymous_21)
FNDA:0,(anonymous_22)
FNDA:0,(anonymous_23)
FNDA:0,(anonymous_24)
FNDA:0,(anonymous_25)
FNDA:0,getAllTours
FNDA:0,getGuides
DA:2,1
DA:5,1
DA:17,1
DA:18,0
DA:20,1
DA:21,0
DA:22,0
DA:23,0
DA:32,0
DA:34,0
DA:35,0
DA:36,0
DA:37,0
DA:38,0
DA:41,0
DA:42,0
DA:43,0
DA:48,0
DA:49,0
DA:56,1
DA:57,0
DA:72,0
DA:73,0
DA:75,0
DA:78,0
DA:82,0
DA:172,0
DA:173,0
DA:205,0
DA:207,0
DA:209,0
DA:211,0
DA:213,0
DA:214,0
DA:215,0
DA:216,0
DA:217,0
DA:221,0
DA:222,0
DA:223,0
DA:231,1
DA:232,0
DA:233,0
DA:234,0
DA:262,0
DA:264,0
DA:265,0
DA:270,1
DA:274,0
DA:275,0
DA:276,0
DA:295,0
DA:297,0
DA:298,0
DA:303,1
DA:304,0
DA:305,0
DA:313,0
DA:314,0
DA:316,0
DA:317,0
DA:322,1
DA:327,0
DA:328,0
DA:329,0
DA:330,0
DA:350,0
DA:352,0
DA:353,0
DA:358,0
DA:359,0
DA:360,0
DA:371,0
DA:373,0
DA:374,0
DA:378,0
DA:379,0
DA:380,0
DA:386,0
DA:387,0
LF:80
LH:9
BRDA:18,0,0,0
BRDA:18,0,1,0
BRDA:32,1,0,0
BRDA:32,2,0,0
BRDA:32,2,1,0
BRDA:36,3,0,0
BRDA:36,3,1,0
BRDA:41,4,0,0
BRDA:57,5,0,0
BRDA:57,5,1,0
BRDA:60,6,0,0
BRDA:60,6,1,0
BRDA:61,7,0,0
BRDA:61,7,1,0
BRDA:64,8,0,0
BRDA:64,8,1,0
BRDA:73,9,0,0
BRDA:73,9,1,0
BRDA:73,9,2,0
BRDA:75,10,0,0
BRDA:75,10,1,0
BRDA:75,11,0,0
BRDA:75,11,1,0
BRDA:77,12,0,0
BRDA:77,12,1,0
BRDA:78,13,0,0
BRDA:78,13,1,0
BRDA:78,14,0,0
BRDA:78,14,1,0
BRDA:80,15,0,0
BRDA:80,15,1,0
BRDA:86,16,0,0
BRDA:86,16,1,0
BRDA:87,17,0,0
BRDA:87,17,1,0
BRDA:89,18,0,0
BRDA:89,18,1,0
BRDA:90,19,0,0
BRDA:90,19,1,0
BRDA:96,20,0,0
BRDA:96,20,1,0
BRDA:100,21,0,0
BRDA:100,21,1,0
BRDA:101,22,0,0
BRDA:101,22,1,0
BRDA:102,23,0,0
BRDA:102,23,1,0
BRDA:105,24,0,0
BRDA:105,24,1,0
BRDA:108,25,0,0
BRDA:108,25,1,0
BRDA:113,26,0,0
BRDA:113,26,1,0
BRDA:114,27,0,0
BRDA:114,27,1,0
BRDA:115,28,0,0
BRDA:115,28,1,0
BRDA:116,29,0,0
BRDA:116,29,1,0
BRDA:118,30,0,0
BRDA:118,30,1,0
BRDA:119,31,0,0
BRDA:119,31,1,0
BRDA:120,32,0,0
BRDA:120,32,1,0
BRDA:121,33,0,0
BRDA:121,33,1,0
BRDA:122,34,0,0
BRDA:122,34,1,0
BRDA:123,35,0,0
BRDA:123,35,1,0
BRDA:125,36,0,0
BRDA:125,36,1,0
BRDA:126,37,0,0
BRDA:126,37,1,0
BRDA:128,38,0,0
BRDA:128,38,1,0
BRDA:129,39,0,0
BRDA:129,39,1,0
BRDA:130,40,0,0
BRDA:130,40,1,0
BRDA:131,41,0,0
BRDA:131,41,1,0
BRDA:132,42,0,0
BRDA:132,42,1,0
BRDA:133,43,0,0
BRDA:133,43,1,0
BRDA:138,44,0,0
BRDA:138,44,1,0
BRDA:139,45,0,0
BRDA:139,45,1,0
BRDA:147,46,0,0
BRDA:147,46,1,0
BRDA:148,47,0,0
BRDA:148,47,1,0
BRDA:150,48,0,0
BRDA:150,48,1,0
BRDA:205,49,0,0
BRDA:205,49,1,0
BRDA:207,50,0,0
BRDA:207,50,1,0
BRDA:209,51,0,0
BRDA:209,52,0,0
BRDA:209,52,1,0
BRDA:213,53,0,0
BRDA:215,54,0,0
BRDA:215,54,1,0
BRDA:245,55,0,0
BRDA:245,55,1,0
BRDA:272,56,0,0
BRDA:313,57,0,0
BRDA:325,58,0,0
BRDA:327,59,0,0
BRDA:358,60,0,0
BRDA:358,61,0,0
BRF:115
BRH:0
end_of_record
TN:
SF:src\features\tours\actions\createBooking.ts
FN:43,(anonymous_4)
FN:74,(anonymous_5)
FN:100,(anonymous_6)
FN:104,(anonymous_7)
FN:198,(anonymous_8)
FN:567,notifyTelegram
FN:577,(anonymous_10)
FN:581,(anonymous_11)
FN:620,(anonymous_12)
FN:635,escapeHtml
FNF:10
FNH:9
FNDA:17,(anonymous_4)
FNDA:17,(anonymous_5)
FNDA:17,(anonymous_6)
FNDA:1,(anonymous_7)
FNDA:15,(anonymous_8)
FNDA:3,notifyTelegram
FNDA:3,(anonymous_10)
FNDA:0,(anonymous_11)
FNDA:57,(anonymous_12)
FNDA:13,escapeHtml
DA:4,1
DA:5,1
DA:6,1
DA:8,1
DA:9,1
DA:10,1
DA:11,1
DA:12,1
DA:13,1
DA:14,1
DA:16,1
DA:19,1
DA:21,1
DA:22,1
DA:25,1
DA:36,1
DA:43,17
DA:75,17
DA:76,17
DA:100,17
DA:101,17
DA:102,17
DA:103,1
DA:104,1
DA:105,1
DA:106,1
DA:108,1
DA:115,16
DA:118,16
DA:119,1
DA:120,1
DA:129,15
DA:136,15
DA:137,0
DA:140,15
DA:142,15
DA:143,15
DA:144,15
DA:145,15
DA:146,15
DA:147,3
DA:151,3
DA:152,2
DA:156,0
DA:160,15
DA:169,15
DA:170,0
DA:171,0
DA:192,15
DA:194,15
DA:196,15
DA:197,15
DA:198,15
DA:201,15
DA:202,15
DA:204,15
DA:205,13
DA:220,3
DA:221,3
DA:222,3
DA:223,3
DA:224,3
DA:225,3
DA:226,3
DA:227,3
DA:228,3
DA:230,2
DA:242,0
DA:243,0
DA:244,0
DA:245,0
DA:246,0
DA:247,0
DA:248,0
DA:249,0
DA:250,0
DA:255,3
DA:271,3
DA:272,3
DA:273,3
DA:274,3
DA:277,3
DA:278,0
DA:279,0
DA:280,0
DA:281,0
DA:286,3
DA:287,0
DA:291,3
DA:292,1
DA:293,1
DA:295,1
DA:296,1
DA:298,1
DA:299,0
DA:301,1
DA:303,1
DA:304,1
DA:306,1
DA:311,1
DA:312,0
DA:316,0
DA:317,0
DA:321,2
DA:322,1
DA:326,1
DA:327,1
DA:328,1
DA:329,1
DA:330,1
DA:338,3
DA:341,3
DA:342,3
DA:343,3
DA:345,3
DA:346,3
DA:347,3
DA:348,12
DA:351,3
DA:356,3
DA:357,3
DA:358,3
DA:363,3
DA:364,3
DA:365,0
DA:369,3
DA:374,3
DA:375,3
DA:377,3
DA:406,3
DA:420,3
DA:422,12
DA:424,12
DA:425,0
DA:426,0
DA:429,12
DA:430,12
DA:431,0
DA:433,12
DA:434,0
DA:436,12
DA:437,0
DA:439,12
DA:440,0
DA:442,12
DA:443,0
DA:446,12
DA:447,12
DA:450,0
DA:451,0
DA:458,3
DA:459,0
DA:463,3
DA:464,3
DA:465,0
DA:466,0
DA:473,0
DA:478,3
DA:479,3
DA:488,3
DA:489,0
DA:496,3
DA:497,1
DA:518,3
DA:519,3
DA:521,3
DA:522,1
DA:540,0
DA:544,3
DA:545,3
DA:547,3
DA:548,3
DA:549,3
DA:550,3
DA:552,3
DA:577,3
DA:578,3
DA:579,3
DA:581,3
DA:582,0
DA:583,0
DA:584,0
DA:585,0
DA:586,0
DA:588,0
DA:591,3
DA:598,3
DA:600,3
DA:620,57
DA:622,3
DA:623,3
DA:631,0
DA:636,13
LF:193
LH:148
BRDA:43,0,0,2
BRDA:43,0,1,15
BRDA:43,1,0,17
BRDA:43,1,1,15
BRDA:102,2,0,1
BRDA:105,3,0,1
BRDA:105,3,1,0
BRDA:118,4,0,1
BRDA:118,5,0,16
BRDA:118,5,1,1
BRDA:136,6,0,0
BRDA:146,7,0,3
BRDA:151,8,0,2
BRDA:164,9,0,15
BRDA:164,9,1,2
BRDA:169,10,0,0
BRDA:170,11,0,0
BRDA:170,11,1,0
BRDA:204,12,0,13
BRDA:204,12,1,2
BRDA:204,13,0,15
BRDA:204,13,1,13
BRDA:220,14,0,3
BRDA:220,14,1,3
BRDA:221,15,0,3
BRDA:221,15,1,3
BRDA:222,16,0,3
BRDA:222,16,1,3
BRDA:223,17,0,3
BRDA:223,17,1,3
BRDA:243,18,0,0
BRDA:243,18,1,0
BRDA:244,19,0,0
BRDA:244,19,1,0
BRDA:245,20,0,0
BRDA:245,20,1,0
BRDA:277,21,0,0
BRDA:277,22,0,3
BRDA:277,22,1,1
BRDA:280,23,0,0
BRDA:280,24,0,0
BRDA:280,24,1,0
BRDA:286,25,0,0
BRDA:286,26,0,3
BRDA:286,26,1,1
BRDA:291,27,0,1
BRDA:291,27,1,2
BRDA:295,28,0,0
BRDA:295,29,0,1
BRDA:295,29,1,1
BRDA:296,30,0,0
BRDA:296,31,0,1
BRDA:296,31,1,0
BRDA:298,32,0,0
BRDA:298,32,1,1
BRDA:311,33,0,0
BRDA:321,34,0,1
BRDA:321,35,0,2
BRDA:321,35,1,1
BRDA:326,36,0,1
BRDA:326,37,0,1
BRDA:326,37,1,1
BRDA:329,38,0,1
BRDA:356,39,0,3
BRDA:364,40,0,0
BRDA:369,41,0,0
BRDA:369,41,1,3
BRDA:375,42,0,1
BRDA:375,42,1,2
BRDA:375,43,0,3
BRDA:375,43,1,1
BRDA:381,44,0,3
BRDA:381,44,1,0
BRDA:386,45,0,3
BRDA:386,45,1,2
BRDA:391,46,0,3
BRDA:391,46,1,3
BRDA:392,47,0,3
BRDA:392,47,1,3
BRDA:393,48,0,3
BRDA:393,48,1,3
BRDA:394,49,0,3
BRDA:394,49,1,3
BRDA:422,50,0,12
BRDA:422,50,1,0
BRDA:422,51,0,12
BRDA:422,51,1,12
BRDA:424,52,0,0
BRDA:424,53,0,12
BRDA:424,53,1,0
BRDA:429,54,0,12
BRDA:430,55,0,0
BRDA:433,56,0,0
BRDA:436,57,0,0
BRDA:439,58,0,0
BRDA:442,59,0,0
BRDA:446,60,0,12
BRDA:458,61,0,0
BRDA:464,62,0,0
BRDA:464,63,0,3
BRDA:464,63,1,0
BRDA:488,64,0,0
BRDA:496,65,0,1
BRDA:519,66,0,1
BRDA:519,66,1,2
BRDA:519,67,0,3
BRDA:519,67,1,1
BRDA:521,68,0,1
BRDA:544,69,0,3
BRDA:571,70,0,0
BRDA:573,71,0,0
BRDA:581,72,0,3
BRDA:581,72,1,3
BRDA:582,73,0,0
BRDA:582,73,1,0
BRDA:583,74,0,0
BRDA:583,74,1,0
BRDA:584,75,0,0
BRDA:584,75,1,0
BRDA:584,76,0,0
BRDA:584,76,1,0
BRDA:585,77,0,0
BRDA:586,78,0,0
BRDA:586,78,1,0
BRDA:588,79,0,0
BRDA:588,79,1,0
BRDA:598,80,0,3
BRDA:598,80,1,0
BRDA:604,81,0,0
BRDA:604,81,1,3
BRDA:613,82,0,2
BRDA:613,82,1,1
BRDA:618,83,0,1
BRDA:618,83,1,2
BRDA:619,84,0,0
BRDA:619,84,1,3
BRF:136
BRH:82
end_of_record
TN:
SF:src\features\tours\emails\BookingTicketEmail.tsx
FN:45,(anonymous_6)
FN:94,(anonymous_7)
FNF:2
FNH:1
FNDA:1,(anonymous_6)
FNDA:0,(anonymous_7)
DA:1,1
DA:5,1
DA:31,1
DA:38,1
DA:45,1
DA:61,1
DA:62,1
DA:64,1
DA:95,0
DA:153,1
LF:10
LH:9
BRDA:56,0,0,1
BRDA:59,1,0,1
BRDA:85,2,0,0
BRDA:85,2,1,1
BRDA:91,3,0,1
BRDA:91,3,1,0
BRDA:97,4,0,0
BRDA:97,4,1,0
BRDA:110,5,0,1
BRDA:110,5,1,0
BRDA:111,6,0,0
BRDA:111,6,1,0
BRDA:116,7,0,1
BRDA:116,7,1,0
BRDA:117,8,0,0
BRDA:117,8,1,0
BRDA:122,9,0,1
BRDA:122,9,1,0
BRDA:122,9,2,1
BRDA:125,10,0,1
BRDA:125,10,1,0
BRF:21
BRH:9
end_of_record
TN:
SF:src\features\tours\lib\pricing.ts
FN:23,calculateTotalSpots
FN:35,calculateBasePrice
FNF:2
FNH:2
FNDA:18,calculateTotalSpots
FNDA:5,calculateBasePrice
DA:3,4
DA:23,18
DA:24,18
DA:35,5
DA:36,5
LF:5
LH:5
BRDA:25,0,0,18
BRDA:25,0,1,1
BRDA:26,1,0,18
BRDA:26,1,1,15
BRDA:27,2,0,18
BRDA:27,2,1,16
BRDA:28,3,0,18
BRDA:28,3,1,15
BRDA:37,4,0,5
BRDA:37,4,1,1
BRDA:37,5,0,5
BRDA:37,5,1,0
BRDA:38,6,0,5
BRDA:38,6,1,4
BRDA:38,7,0,5
BRDA:38,7,1,0
BRDA:39,8,0,5
BRDA:39,8,1,4
BRDA:39,9,0,5
BRDA:39,9,1,0
BRDA:40,10,0,5
BRDA:40,10,1,4
BRDA:40,11,0,5
BRDA:40,11,1,0
BRF:24
BRH:20
end_of_record
TN:
SF:src\lib\audit.ts
FN:18,withAdminAudit
FN:21,(anonymous_4)
FN:21,(anonymous_5)
FN:46,(anonymous_6)
FN:82,logSystemAction
FNF:5
FNH:5
FNDA:1,withAdminAudit
FNDA:1,(anonymous_4)
FNDA:1,(anonymous_5)
FNDA:1,(anonymous_6)
FNDA:1,logSystemAction
DA:1,1
DA:2,1
DA:3,1
DA:4,1
DA:18,1
DA:21,1
DA:24,1
DA:25,1
DA:26,1
DA:29,1
DA:32,1
DA:33,1
DA:35,1
DA:36,1
DA:37,0
DA:40,0
DA:41,0
DA:46,1
DA:47,1
DA:50,1
DA:51,1
DA:53,1
DA:69,0
DA:74,1
DA:82,1
DA:86,1
DA:87,1
DA:96,0
LF:28
LH:23
BRDA:25,0,0,1
BRDA:25,0,1,1
BRDA:25,0,2,1
BRDA:26,1,0,1
BRDA:26,1,1,1
BRDA:32,2,0,1
BRDA:32,2,1,0
BRDA:36,3,0,0
BRDA:56,4,0,1
BRDA:56,4,1,1
BRDA:57,5,0,1
BRDA:57,5,1,1
BRDA:57,5,2,1
BRDA:59,6,0,1
BRDA:59,6,1,0
BRDA:61,7,0,1
BRDA:61,7,1,0
BRDA:91,8,0,1
BRDA:91,8,1,0
BRDA:92,9,0,1
BRDA:92,9,1,0
BRF:21
BRH:15
end_of_record
TN:
SF:src\lib\cloudinary-loader.ts
FN:16,cloudinaryLoader
FNF:1
FNH:1
FNDA:7,cloudinaryLoader
DA:16,7
DA:17,7
DA:20,7
DA:21,2
DA:26,2
DA:30,5
DA:33,2
DA:34,2
DA:36,2
DA:40,3
DA:43,1
DA:47,2
LF:12
LH:12
BRDA:17,0,0,7
BRDA:17,0,1,4
BRDA:20,1,0,2
BRDA:30,2,0,2
BRDA:30,3,0,5
BRDA:30,3,1,2
BRDA:40,4,0,1
BRDA:40,5,0,3
BRDA:40,5,1,1
BRDA:40,5,2,1
BRF:10
BRH:10
end_of_record
TN:
SF:src\lib\env.ts
FNF:0
FNH:0
DA:2,5
DA:5,5
DA:13,5
DA:57,5
DA:59,5
DA:66,5
DA:102,28
LF:7
LH:7
BRDA:66,0,0,5
BRDA:66,0,1,0
BRF:2
BRH:1
end_of_record
TN:
SF:src\lib\prisma.ts
FN:6,createPrismaClient
FNF:1
FNH:1
FNDA:6,createPrismaClient
DA:2,6
DA:4,6
DA:7,6
DA:14,442
DA:16,6
LF:5
LH:5
BRDA:10,0,0,0
BRDA:10,0,1,6
BRDA:14,1,0,6
BRDA:14,1,1,6
BRDA:16,2,0,6
BRF:5
BRH:4
end_of_record
TN:
SF:src\lib\tour-formatting.ts
FN:7,formatProgramForSlide
FN:28,formatDaysArray
FN:54,formatChecklistForSlide
FN:80,formatIncludedForSlide
FN:104,(anonymous_9)
FN:113,formatLogisticsForSlide
FNF:6
FNH:6
FNDA:4,formatProgramForSlide
FNDA:2,formatDaysArray
FNDA:3,formatChecklistForSlide
FNDA:2,formatIncludedForSlide
FNDA:2,(anonymous_9)
FNDA:1,formatLogisticsForSlide
DA:7,4
DA:8,4
DA:11,3
DA:12,1
DA:16,2
DA:17,2
DA:21,0
DA:22,0
DA:25,0
DA:29,2
DA:31,1
DA:32,1
DA:33,2
DA:34,2
DA:35,2
DA:36,2
DA:38,2
DA:39,2
DA:40,2
DA:41,2
DA:43,0
DA:44,0
DA:46,2
DA:48,1
DA:54,3
DA:55,3
DA:56,1
DA:59,2
DA:60,2
DA:61,4
DA:62,2
DA:63,2
DA:64,2
DA:65,2
DA:66,2
DA:69,2
DA:70,3
DA:74,2
DA:80,2
DA:85,2
DA:86,1
DA:87,1
DA:88,1
DA:89,1
DA:90,1
DA:91,1
DA:92,1
DA:93,1
DA:94,1
DA:99,1
DA:103,1
DA:104,2
DA:107,0
DA:113,1
DA:114,1
DA:116,1
DA:117,1
DA:118,0
DA:119,0
DA:122,1
DA:123,1
DA:125,1
DA:126,1
DA:127,1
DA:130,1
LF:65
LH:57
BRDA:8,0,0,1
BRDA:11,1,0,1
BRDA:12,2,0,1
BRDA:12,2,1,0
BRDA:16,3,0,2
BRDA:21,4,0,0
BRDA:21,5,0,0
BRDA:21,5,1,0
BRDA:21,5,2,0
BRDA:29,6,0,1
BRDA:34,7,0,2
BRDA:34,7,1,0
BRDA:35,8,0,2
BRDA:35,8,1,0
BRDA:38,9,0,2
BRDA:38,9,1,0
BRDA:38,10,0,2
BRDA:38,10,1,2
BRDA:40,11,0,1
BRDA:40,11,1,1
BRDA:41,12,0,2
BRDA:41,12,1,0
BRDA:43,13,0,0
BRDA:55,14,0,1
BRDA:55,15,0,3
BRDA:55,15,1,3
BRDA:55,15,2,3
BRDA:61,16,0,2
BRDA:61,16,1,2
BRDA:63,17,0,2
BRDA:63,18,0,2
BRDA:63,18,1,2
BRDA:64,19,0,2
BRDA:64,19,1,0
BRDA:66,20,0,2
BRDA:66,20,1,0
BRDA:68,21,0,0
BRDA:68,21,1,0
BRDA:74,22,0,2
BRDA:74,22,1,0
BRDA:85,23,0,1
BRDA:85,24,0,2
BRDA:85,24,1,1
BRDA:85,24,2,1
BRDA:88,25,0,1
BRDA:88,26,0,1
BRDA:88,26,1,1
BRDA:89,27,0,1
BRDA:89,27,1,0
BRDA:90,28,0,1
BRDA:90,29,0,1
BRDA:90,29,1,1
BRDA:92,30,0,1
BRDA:92,30,1,0
BRDA:93,31,0,1
BRDA:93,31,1,0
BRDA:103,32,0,1
BRDA:103,33,0,1
BRDA:103,33,1,1
BRDA:103,33,2,1
BRDA:116,34,0,1
BRDA:116,34,1,0
BRDA:118,35,0,0
BRDA:122,36,0,1
BRDA:123,37,0,1
BRDA:125,38,0,1
BRDA:126,39,0,0
BRDA:126,39,1,1
BRDA:130,40,0,1
BRDA:130,40,1,0
BRF:70
BRH:48
end_of_record
TN:
SF:src\lib\utils.ts
FN:5,cn
FN:10,slugify
FN:26,(anonymous_6)
FN:36,(anonymous_7)
FNF:4
FNH:4
FNDA:3,cn
FNDA:10,slugify
FNDA:103,(anonymous_6)
FNDA:5,(anonymous_7)
DA:1,1
DA:2,1
DA:5,3
DA:6,3
DA:10,10
DA:11,10
DA:13,7
DA:23,7
DA:26,103
DA:35,5
DA:41,5
DA:43,5
DA:44,2
DA:47,5
DA:48,2
DA:51,5
DA:52,1
DA:53,4
DA:54,1
DA:57,5
LF:20
LH:20
BRDA:11,0,0,3
BRDA:26,1,0,103
BRDA:26,1,1,42
BRDA:43,2,0,2
BRDA:44,3,0,2
BRDA:44,3,1,1
BRDA:47,4,0,2
BRDA:48,5,0,2
BRDA:48,5,1,1
BRDA:51,6,0,1
BRDA:51,6,1,4
BRDA:53,7,0,1
BRF:12
BRH:12
end_of_record
TN:
SF:src\lib\apb\client.ts
FN:44,md5
FN:48,extractTag
FN:69,(anonymous_6)
FN:121,(anonymous_7)
FN:202,(anonymous_8)
FN:293,(anonymous_9)
FNF:6
FNH:3
FNDA:4,md5
FNDA:0,extractTag
FNDA:1,(anonymous_6)
FNDA:0,(anonymous_7)
FNDA:0,(anonymous_8)
FNDA:3,(anonymous_9)
DA:3,2
DA:4,2
DA:13,2
DA:45,4
DA:49,0
DA:50,0
DA:57,4
DA:75,1
DA:76,1
DA:77,1
DA:81,1
DA:91,1
DA:94,1
DA:95,1
DA:110,1
DA:122,0
DA:125,0
DA:127,0
DA:139,0
DA:149,0
DA:150,0
DA:153,0
DA:156,0
DA:157,0
DA:160,0
DA:161,0
DA:162,0
DA:164,0
DA:165,0
DA:166,0
DA:170,0
DA:173,0
DA:174,0
DA:175,0
DA:177,0
DA:207,0
DA:210,0
DA:211,0
DA:212,0
DA:217,0
DA:219,0
DA:220,0
DA:221,0
DA:234,0
DA:235,0
DA:236,0
DA:250,0
DA:260,0
DA:261,0
DA:268,0
DA:271,0
DA:272,0
DA:273,0
DA:275,0
DA:276,0
DA:279,0
DA:294,3
DA:298,3
DA:299,2
DA:309,1
DA:317,3
DA:318,3
LF:62
LH:19
BRDA:50,0,0,0
BRDA:50,0,1,0
BRDA:73,1,0,0
BRDA:149,2,0,0
BRDA:157,3,0,0
BRDA:157,3,1,0
BRDA:162,4,0,0
BRDA:162,5,0,0
BRDA:162,5,1,0
BRDA:173,6,0,0
BRDA:173,6,1,0
BRDA:179,7,0,0
BRDA:179,7,1,0
BRDA:179,7,2,0
BRDA:184,8,0,0
BRDA:184,8,1,0
BRDA:217,9,0,0
BRDA:217,9,1,0
BRDA:260,10,0,0
BRDA:275,11,0,0
BRDA:281,12,0,0
BRDA:281,12,1,0
BRDA:281,13,0,0
BRDA:281,13,1,0
BRDA:298,14,0,2
BRDA:298,14,1,1
BRF:26
BRH:2
end_of_record
TN:
SF:src\lib\constants\levels.ts
FN:92,getLevelConfig
FN:93,(anonymous_5)
FN:97,getLevelName
FNF:3
FNH:0
FNDA:0,getLevelConfig
FNDA:0,(anonymous_5)
FNDA:0,getLevelName
DA:3,1
DA:18,1
DA:92,0
DA:93,0
DA:97,0
DA:98,0
LF:6
LH:2
BRDA:93,0,0,0
BRDA:93,0,1,0
BRDA:93,1,0,0
BRDA:93,1,1,0
BRF:4
BRH:0
end_of_record
TN:
SF:src\lib\telegram\notify.ts
FN:6,sendTelegramMessage
FN:31,notifySubscribersOnNewDates
FN:58,(anonymous_6)
FN:59,(anonymous_7)
FN:60,(anonymous_8)
FN:76,(anonymous_9)
FN:77,(anonymous_10)
FN:88,(anonymous_11)
FN:88,(anonymous_12)
FN:97,notifyWaitlistOnSpotFreed
FN:119,(anonymous_14)
FN:119,(anonymous_15)
FNF:12
FNH:0
FNDA:0,sendTelegramMessage
FNDA:0,notifySubscribersOnNewDates
FNDA:0,(anonymous_6)
FNDA:0,(anonymous_7)
FNDA:0,(anonymous_8)
FNDA:0,(anonymous_9)
FNDA:0,(anonymous_10)
FNDA:0,(anonymous_11)
FNDA:0,(anonymous_12)
FNDA:0,notifyWaitlistOnSpotFreed
FNDA:0,(anonymous_14)
FNDA:0,(anonymous_15)
DA:2,1
DA:3,1
DA:6,0
DA:7,0
DA:8,0
DA:9,0
DA:10,0
DA:13,0
DA:14,0
DA:25,0
DA:31,0
DA:38,0
DA:44,0
DA:50,0
DA:57,0
DA:58,0
DA:59,0
DA:60,0
DA:63,0
DA:66,0
DA:67,0
DA:75,0
DA:76,0
DA:77,0
DA:80,0
DA:81,0
DA:88,0
DA:89,0
DA:90,0
DA:97,0
DA:98,0
DA:103,0
DA:105,0
DA:106,0
DA:107,0
DA:119,0
DA:120,0
DA:121,0
LF:38
LH:2
BRDA:8,0,0,0
BRDA:50,1,0,0
BRDA:50,1,1,0
BRDA:80,2,0,0
BRDA:89,3,0,0
BRDA:97,4,0,0
BRDA:103,5,0,0
BRDA:106,6,0,0
BRDA:120,7,0,0
BRF:9
BRH:0
end_of_record
TN:
SF:src\utils\date.ts
FN:7,formatTourDate
FN:46,getTourDuration
FNF:2
FNH:2
FNDA:6,formatTourDate
FNDA:5,getTourDuration
DA:7,6
DA:8,6
DA:10,5
DA:13,5
DA:14,5
DA:17,5
DA:18,1
DA:21,4
DA:24,4
DA:27,3
DA:28,1
DA:32,2
DA:46,5
DA:48,5
DA:51,4
DA:52,3
DA:53,3
DA:56,3
DA:57,3
DA:60,3
DA:62,3
DA:65,1
LF:22
LH:22
BRDA:8,0,0,1
BRDA:17,1,0,1
BRDA:24,2,0,1
BRDA:24,3,0,4
BRDA:24,3,1,3
BRDA:27,4,0,1
BRDA:48,5,0,1
BRDA:51,6,0,3
BRDA:51,7,0,4
BRDA:51,7,1,3
BRDA:60,8,0,1
BRDA:60,8,1,2
BRDA:62,9,0,1
BRDA:62,9,1,2
BRF:14
BRH:14
end_of_record
